#! /usr/bin/vvp
:ivl_version "12.0 (stable)";
:ivl_delay_selection "TYPICAL";
:vpi_time_precision + 0;
:vpi_module "/usr/lib/x86_64-linux-gnu/ivl/system.vpi";
:vpi_module "/usr/lib/x86_64-linux-gnu/ivl/vhdl_sys.vpi";
:vpi_module "/usr/lib/x86_64-linux-gnu/ivl/vhdl_textio.vpi";
:vpi_module "/usr/lib/x86_64-linux-gnu/ivl/v2005_math.vpi";
:vpi_module "/usr/lib/x86_64-linux-gnu/ivl/va_math.vpi";
S_0x557d8b9362b0 .scope module, "decode_tb" "decode_tb" 2 3;
 .timescale 0 0;
v0x557d8b967350_0 .net "ALU_Control", 5 0, v0x557d8b942c20_0;  1 drivers
v0x557d8b967430_0 .var "branch", 0 0;
v0x557d8b9674d0_0 .net "branch_op", 0 0, v0x557d8b943d20_0;  1 drivers
v0x557d8b967570_0 .var "clk", 0 0;
v0x557d8b967610_0 .net "funct3", 2 0, v0x557d8b9455c0_0;  1 drivers
v0x557d8b9676b0_0 .net "funct7", 6 0, v0x557d8b946890_0;  1 drivers
v0x557d8b967750_0 .net "imm_b", 11 0, v0x557d8b966210_0;  1 drivers
v0x557d8b967820_0 .net "imm_i", 11 0, v0x557d8b9662f0_0;  1 drivers
v0x557d8b9678f0_0 .net "imm_j", 20 0, v0x557d8b9663d0_0;  1 drivers
v0x557d8b9679c0_0 .net "imm_s", 11 0, v0x557d8b9664b0_0;  1 drivers
v0x557d8b967a90_0 .net "imm_u", 19 0, v0x557d8b966590_0;  1 drivers
v0x557d8b967b60_0 .var "instruction", 31 0;
v0x557d8b967c30_0 .net "mem_wEn", 0 0, v0x557d8b966750_0;  1 drivers
v0x557d8b967d00_0 .net "next_PC_select", 0 0, v0x557d8b966810_0;  1 drivers
v0x557d8b967dd0_0 .net "op_A_sel", 1 0, v0x557d8b9668d0_0;  1 drivers
v0x557d8b967ea0_0 .net "op_B_sel", 1 0, v0x557d8b9669b0_0;  1 drivers
v0x557d8b967f70_0 .net "opcode", 6 0, v0x557d8b966a90_0;  1 drivers
v0x557d8b968040_0 .var "pc", 15 0;
v0x557d8b968110_0 .net "rd", 4 0, v0x557d8b966c50_0;  1 drivers
v0x557d8b9681e0_0 .net "rs1", 4 0, v0x557d8b966d30_0;  1 drivers
v0x557d8b9682b0_0 .net "rs2", 4 0, v0x557d8b966e10_0;  1 drivers
v0x557d8b968380_0 .net "wEn", 0 0, v0x557d8b966ef0_0;  1 drivers
v0x557d8b968450_0 .net "wb_sel", 0 0, v0x557d8b966fb0_0;  1 drivers
S_0x557d8b8d8490 .scope module, "dut" "decode" 2 20, 3 3 0, S_0x557d8b9362b0;
 .timescale 0 0;
    .port_info 0 /INPUT 16 "pc";
    .port_info 1 /INPUT 32 "instruction";
    .port_info 2 /OUTPUT 7 "opcode";
    .port_info 3 /OUTPUT 5 "rs1";
    .port_info 4 /OUTPUT 5 "rs2";
    .port_info 5 /OUTPUT 5 "rd";
    .port_info 6 /OUTPUT 3 "funct3";
    .port_info 7 /OUTPUT 7 "funct7";
    .port_info 8 /OUTPUT 12 "imm_i";
    .port_info 9 /OUTPUT 12 "imm_s";
    .port_info 10 /OUTPUT 12 "imm_b";
    .port_info 11 /OUTPUT 21 "imm_j";
    .port_info 12 /OUTPUT 20 "imm_u";
    .port_info 13 /OUTPUT 1 "next_PC_select";
    .port_info 14 /OUTPUT 1 "wEn";
    .port_info 15 /INPUT 1 "branch";
    .port_info 16 /OUTPUT 1 "branch_op";
    .port_info 17 /OUTPUT 2 "op_A_sel";
    .port_info 18 /OUTPUT 2 "op_B_sel";
    .port_info 19 /OUTPUT 6 "ALU_Control";
    .port_info 20 /INPUT 1 "clk";
    .port_info 21 /OUTPUT 1 "mem_wEn";
    .port_info 22 /OUTPUT 1 "wb_sel";
P_0x557d8b8d8670 .param/l "AUIPC" 1 3 46, C4<0010111>;
P_0x557d8b8d86b0 .param/l "BRANCH" 1 3 43, C4<1100011>;
P_0x557d8b8d86f0 .param/l "I_TYPE" 1 3 40, C4<0010011>;
P_0x557d8b8d8730 .param/l "JAL" 1 3 45, C4<1101111>;
P_0x557d8b8d8770 .param/l "JALR" 1 3 44, C4<1100111>;
P_0x557d8b8d87b0 .param/l "LOAD" 1 3 42, C4<0000011>;
P_0x557d8b8d87f0 .param/l "LUI" 1 3 47, C4<0110111>;
P_0x557d8b8d8830 .param/l "R_TYPE" 1 3 39, C4<0110011>;
P_0x557d8b8d8870 .param/l "STORE" 1 3 41, C4<0100011>;
v0x557d8b942c20_0 .var "ALU_Control", 5 0;
v0x557d8b943150_0 .net "branch", 0 0, v0x557d8b967430_0;  1 drivers
v0x557d8b943d20_0 .var "branch_op", 0 0;
v0x557d8b9450b0_0 .net "clk", 0 0, v0x557d8b967570_0;  1 drivers
v0x557d8b9455c0_0 .var "funct3", 2 0;
v0x557d8b946890_0 .var "funct7", 6 0;
v0x557d8b966210_0 .var "imm_b", 11 0;
v0x557d8b9662f0_0 .var "imm_i", 11 0;
v0x557d8b9663d0_0 .var "imm_j", 20 0;
v0x557d8b9664b0_0 .var "imm_s", 11 0;
v0x557d8b966590_0 .var "imm_u", 19 0;
v0x557d8b966670_0 .net "instruction", 31 0, v0x557d8b967b60_0;  1 drivers
v0x557d8b966750_0 .var "mem_wEn", 0 0;
v0x557d8b966810_0 .var "next_PC_select", 0 0;
v0x557d8b9668d0_0 .var "op_A_sel", 1 0;
v0x557d8b9669b0_0 .var "op_B_sel", 1 0;
v0x557d8b966a90_0 .var "opcode", 6 0;
v0x557d8b966b70_0 .net "pc", 15 0, v0x557d8b968040_0;  1 drivers
v0x557d8b966c50_0 .var "rd", 4 0;
v0x557d8b966d30_0 .var "rs1", 4 0;
v0x557d8b966e10_0 .var "rs2", 4 0;
v0x557d8b966ef0_0 .var "wEn", 0 0;
v0x557d8b966fb0_0 .var "wb_sel", 0 0;
E_0x557d8b911e40 .event posedge, v0x557d8b9450b0_0;
    .scope S_0x557d8b8d8490;
T_0 ;
    %wait E_0x557d8b911e40;
    %pushi/vec4 0, 0, 7;
    %assign/vec4 v0x557d8b966a90_0, 0;
    %pushi/vec4 0, 0, 5;
    %assign/vec4 v0x557d8b966c50_0, 0;
    %pushi/vec4 0, 0, 3;
    %assign/vec4 v0x557d8b9455c0_0, 0;
    %pushi/vec4 0, 0, 5;
    %assign/vec4 v0x557d8b966d30_0, 0;
    %pushi/vec4 0, 0, 5;
    %assign/vec4 v0x557d8b966e10_0, 0;
    %pushi/vec4 0, 0, 7;
    %assign/vec4 v0x557d8b946890_0, 0;
    %pushi/vec4 0, 0, 12;
    %assign/vec4 v0x557d8b9662f0_0, 0;
    %pushi/vec4 0, 0, 12;
    %assign/vec4 v0x557d8b9664b0_0, 0;
    %pushi/vec4 0, 0, 12;
    %assign/vec4 v0x557d8b966210_0, 0;
    %pushi/vec4 0, 0, 21;
    %assign/vec4 v0x557d8b9663d0_0, 0;
    %pushi/vec4 0, 0, 20;
    %assign/vec4 v0x557d8b966590_0, 0;
    %load/vec4 v0x557d8b966670_0;
    %parti/s 7, 0, 2;
    %cmpi/e 51, 0, 7;
    %jmp/0xz  T_0.0, 4;
    %load/vec4 v0x557d8b966670_0;
    %parti/s 7, 0, 2;
    %assign/vec4 v0x557d8b966a90_0, 0;
    %load/vec4 v0x557d8b966670_0;
    %parti/s 5, 7, 4;
    %assign/vec4 v0x557d8b966c50_0, 0;
    %load/vec4 v0x557d8b966670_0;
    %parti/s 3, 12, 5;
    %assign/vec4 v0x557d8b9455c0_0, 0;
    %load/vec4 v0x557d8b966670_0;
    %parti/s 5, 15, 5;
    %assign/vec4 v0x557d8b966d30_0, 0;
    %load/vec4 v0x557d8b966670_0;
    %parti/s 5, 20, 6;
    %assign/vec4 v0x557d8b966e10_0, 0;
    %load/vec4 v0x557d8b966670_0;
    %parti/s 7, 25, 6;
    %assign/vec4 v0x557d8b946890_0, 0;
T_0.0 ;
    %load/vec4 v0x557d8b966670_0;
    %parti/s 7, 0, 2;
    %cmpi/e 19, 0, 7;
    %jmp/1 T_0.5, 4;
    %flag_mov 8, 4;
    %load/vec4 v0x557d8b966670_0;
    %parti/s 7, 0, 2;
    %cmpi/e 3, 0, 7;
    %flag_or 4, 8;
T_0.5;
    %jmp/1 T_0.4, 4;
    %flag_mov 8, 4;
    %load/vec4 v0x557d8b966670_0;
    %parti/s 7, 0, 2;
    %cmpi/e 103, 0, 7;
    %flag_or 4, 8;
T_0.4;
    %jmp/0xz  T_0.2, 4;
    %load/vec4 v0x557d8b966670_0;
    %parti/s 7, 0, 2;
    %assign/vec4 v0x557d8b966a90_0, 0;
    %load/vec4 v0x557d8b966670_0;
    %parti/s 5, 7, 4;
    %assign/vec4 v0x557d8b966c50_0, 0;
    %load/vec4 v0x557d8b966670_0;
    %parti/s 3, 12, 5;
    %assign/vec4 v0x557d8b9455c0_0, 0;
    %load/vec4 v0x557d8b966670_0;
    %parti/s 5, 15, 5;
    %assign/vec4 v0x557d8b966d30_0, 0;
    %load/vec4 v0x557d8b966670_0;
    %parti/s 12, 20, 6;
    %assign/vec4 v0x557d8b9662f0_0, 0;
T_0.2 ;
    %load/vec4 v0x557d8b966670_0;
    %parti/s 7, 0, 2;
    %cmpi/e 35, 0, 7;
    %jmp/0xz  T_0.6, 4;
    %load/vec4 v0x557d8b966670_0;
    %parti/s 7, 0, 2;
    %assign/vec4 v0x557d8b966a90_0, 0;
    %load/vec4 v0x557d8b966670_0;
    %parti/s 3, 12, 5;
    %assign/vec4 v0x557d8b9455c0_0, 0;
    %load/vec4 v0x557d8b966670_0;
    %parti/s 5, 15, 5;
    %assign/vec4 v0x557d8b966d30_0, 0;
    %load/vec4 v0x557d8b966670_0;
    %parti/s 5, 20, 6;
    %assign/vec4 v0x557d8b966e10_0, 0;
    %load/vec4 v0x557d8b966670_0;
    %parti/s 7, 25, 6;
    %load/vec4 v0x557d8b966670_0;
    %parti/s 5, 7, 4;
    %concat/vec4; draw_concat_vec4
    %assign/vec4 v0x557d8b9664b0_0, 0;
T_0.6 ;
    %load/vec4 v0x557d8b966670_0;
    %parti/s 7, 0, 2;
    %cmpi/e 99, 0, 7;
    %jmp/0xz  T_0.8, 4;
    %load/vec4 v0x557d8b966670_0;
    %parti/s 7, 0, 2;
    %assign/vec4 v0x557d8b966a90_0, 0;
    %load/vec4 v0x557d8b966670_0;
    %parti/s 5, 15, 5;
    %assign/vec4 v0x557d8b966d30_0, 0;
    %load/vec4 v0x557d8b966670_0;
    %parti/s 5, 20, 6;
    %assign/vec4 v0x557d8b966e10_0, 0;
    %load/vec4 v0x557d8b966670_0;
    %parti/s 3, 12, 5;
    %assign/vec4 v0x557d8b9455c0_0, 0;
    %load/vec4 v0x557d8b966670_0;
    %parti/s 1, 31, 6;
    %load/vec4 v0x557d8b966670_0;
    %parti/s 1, 7, 4;
    %concat/vec4; draw_concat_vec4
    %load/vec4 v0x557d8b966670_0;
    %parti/s 6, 25, 6;
    %concat/vec4; draw_concat_vec4
    %load/vec4 v0x557d8b966670_0;
    %parti/s 4, 8, 5;
    %concat/vec4; draw_concat_vec4
    %assign/vec4 v0x557d8b966210_0, 0;
T_0.8 ;
    %load/vec4 v0x557d8b966670_0;
    %parti/s 7, 0, 2;
    %cmpi/e 111, 0, 7;
    %jmp/0xz  T_0.10, 4;
    %load/vec4 v0x557d8b966670_0;
    %parti/s 7, 0, 2;
    %assign/vec4 v0x557d8b966a90_0, 0;
    %load/vec4 v0x557d8b966670_0;
    %parti/s 5, 7, 4;
    %assign/vec4 v0x557d8b966c50_0, 0;
    %load/vec4 v0x557d8b966670_0;
    %parti/s 1, 31, 6;
    %load/vec4 v0x557d8b966670_0;
    %parti/s 8, 12, 5;
    %concat/vec4; draw_concat_vec4
    %load/vec4 v0x557d8b966670_0;
    %parti/s 1, 20, 6;
    %concat/vec4; draw_concat_vec4
    %load/vec4 v0x557d8b966670_0;
    %parti/s 10, 21, 6;
    %concat/vec4; draw_concat_vec4
    %concati/vec4 0, 0, 1;
    %assign/vec4 v0x557d8b9663d0_0, 0;
T_0.10 ;
    %load/vec4 v0x557d8b966670_0;
    %parti/s 7, 0, 2;
    %cmpi/e 23, 0, 7;
    %jmp/1 T_0.14, 4;
    %flag_mov 8, 4;
    %load/vec4 v0x557d8b966670_0;
    %parti/s 7, 0, 2;
    %cmpi/e 55, 0, 7;
    %flag_or 4, 8;
T_0.14;
    %jmp/0xz  T_0.12, 4;
    %load/vec4 v0x557d8b966670_0;
    %parti/s 7, 0, 2;
    %assign/vec4 v0x557d8b966a90_0, 0;
    %load/vec4 v0x557d8b966670_0;
    %parti/s 5, 7, 4;
    %assign/vec4 v0x557d8b966c50_0, 0;
    %load/vec4 v0x557d8b966670_0;
    %parti/s 20, 12, 5;
    %assign/vec4 v0x557d8b966590_0, 0;
T_0.12 ;
    %load/vec4 v0x557d8b966a90_0;
    %dup/vec4;
    %pushi/vec4 51, 0, 7;
    %cmp/u;
    %jmp/1 T_0.15, 6;
    %dup/vec4;
    %pushi/vec4 19, 0, 7;
    %cmp/u;
    %jmp/1 T_0.16, 6;
    %dup/vec4;
    %pushi/vec4 3, 0, 7;
    %cmp/u;
    %jmp/1 T_0.17, 6;
    %dup/vec4;
    %pushi/vec4 35, 0, 7;
    %cmp/u;
    %jmp/1 T_0.18, 6;
    %dup/vec4;
    %pushi/vec4 99, 0, 7;
    %cmp/u;
    %jmp/1 T_0.19, 6;
    %dup/vec4;
    %pushi/vec4 103, 0, 7;
    %cmp/u;
    %jmp/1 T_0.20, 6;
    %dup/vec4;
    %pushi/vec4 111, 0, 7;
    %cmp/u;
    %jmp/1 T_0.21, 6;
    %dup/vec4;
    %pushi/vec4 23, 0, 7;
    %cmp/u;
    %jmp/1 T_0.22, 6;
    %dup/vec4;
    %pushi/vec4 55, 0, 7;
    %cmp/u;
    %jmp/1 T_0.23, 6;
    %jmp T_0.24;
T_0.15 ;
    %pushi/vec4 0, 0, 1;
    %store/vec4 v0x557d8b966810_0, 0, 1;
    %pushi/vec4 0, 0, 1;
    %store/vec4 v0x557d8b943d20_0, 0, 1;
    %pushi/vec4 0, 0, 1;
    %store/vec4 v0x557d8b966750_0, 0, 1;
    %pushi/vec4 0, 0, 2;
    %store/vec4 v0x557d8b9668d0_0, 0, 2;
    %pushi/vec4 0, 0, 2;
    %store/vec4 v0x557d8b9669b0_0, 0, 2;
    %pushi/vec4 0, 0, 1;
    %store/vec4 v0x557d8b966fb0_0, 0, 1;
    %pushi/vec4 1, 0, 1;
    %store/vec4 v0x557d8b966ef0_0, 0, 1;
    %load/vec4 v0x557d8b9455c0_0;
    %cmpi/e 0, 0, 3;
    %jmp/0xz  T_0.25, 4;
    %load/vec4 v0x557d8b946890_0;
    %cmpi/e 0, 0, 7;
    %jmp/0xz  T_0.27, 4;
    %pushi/vec4 0, 0, 6;
    %store/vec4 v0x557d8b942c20_0, 0, 6;
    %jmp T_0.28;
T_0.27 ;
    %pushi/vec4 8, 0, 6;
    %store/vec4 v0x557d8b942c20_0, 0, 6;
T_0.28 ;
    %jmp T_0.26;
T_0.25 ;
    %load/vec4 v0x557d8b9455c0_0;
    %cmpi/e 2, 0, 3;
    %jmp/0xz  T_0.29, 4;
    %pushi/vec4 2, 0, 6;
    %store/vec4 v0x557d8b942c20_0, 0, 6;
    %jmp T_0.30;
T_0.29 ;
    %load/vec4 v0x557d8b9455c0_0;
    %cmpi/e 4, 0, 3;
    %jmp/0xz  T_0.31, 4;
    %pushi/vec4 4, 0, 6;
    %store/vec4 v0x557d8b942c20_0, 0, 6;
    %jmp T_0.32;
T_0.31 ;
    %load/vec4 v0x557d8b9455c0_0;
    %cmpi/e 7, 0, 3;
    %jmp/0xz  T_0.33, 4;
    %pushi/vec4 7, 0, 6;
    %store/vec4 v0x557d8b942c20_0, 0, 6;
    %jmp T_0.34;
T_0.33 ;
    %load/vec4 v0x557d8b9455c0_0;
    %cmpi/e 1, 0, 3;
    %jmp/0xz  T_0.35, 4;
    %pushi/vec4 1, 0, 6;
    %store/vec4 v0x557d8b942c20_0, 0, 6;
    %jmp T_0.36;
T_0.35 ;
    %load/vec4 v0x557d8b9455c0_0;
    %cmpi/e 3, 0, 3;
    %jmp/0xz  T_0.37, 4;
    %pushi/vec4 2, 0, 6;
    %store/vec4 v0x557d8b942c20_0, 0, 6;
    %jmp T_0.38;
T_0.37 ;
    %load/vec4 v0x557d8b9455c0_0;
    %cmpi/e 6, 0, 3;
    %jmp/0xz  T_0.39, 4;
    %pushi/vec4 6, 0, 6;
    %store/vec4 v0x557d8b942c20_0, 0, 6;
    %jmp T_0.40;
T_0.39 ;
    %load/vec4 v0x557d8b9455c0_0;
    %cmpi/e 5, 0, 3;
    %jmp/0xz  T_0.41, 4;
    %load/vec4 v0x557d8b946890_0;
    %cmpi/e 0, 0, 7;
    %jmp/0xz  T_0.43, 4;
    %pushi/vec4 5, 0, 6;
    %store/vec4 v0x557d8b942c20_0, 0, 6;
    %jmp T_0.44;
T_0.43 ;
    %pushi/vec4 13, 0, 6;
    %store/vec4 v0x557d8b942c20_0, 0, 6;
T_0.44 ;
T_0.41 ;
T_0.40 ;
T_0.38 ;
T_0.36 ;
T_0.34 ;
T_0.32 ;
T_0.30 ;
T_0.26 ;
    %jmp T_0.24;
T_0.16 ;
    %pushi/vec4 0, 0, 1;
    %store/vec4 v0x557d8b966810_0, 0, 1;
    %pushi/vec4 0, 0, 1;
    %store/vec4 v0x557d8b943d20_0, 0, 1;
    %pushi/vec4 0, 0, 1;
    %store/vec4 v0x557d8b966750_0, 0, 1;
    %pushi/vec4 0, 0, 2;
    %store/vec4 v0x557d8b9668d0_0, 0, 2;
    %pushi/vec4 1, 0, 2;
    %store/vec4 v0x557d8b9669b0_0, 0, 2;
    %pushi/vec4 0, 0, 1;
    %store/vec4 v0x557d8b966fb0_0, 0, 1;
    %pushi/vec4 1, 0, 1;
    %store/vec4 v0x557d8b966ef0_0, 0, 1;
    %load/vec4 v0x557d8b9455c0_0;
    %cmpi/e 0, 0, 3;
    %jmp/0xz  T_0.45, 4;
    %pushi/vec4 0, 0, 6;
    %store/vec4 v0x557d8b942c20_0, 0, 6;
    %jmp T_0.46;
T_0.45 ;
    %load/vec4 v0x557d8b9455c0_0;
    %cmpi/e 1, 0, 3;
    %jmp/0xz  T_0.47, 4;
    %pushi/vec4 1, 0, 6;
    %store/vec4 v0x557d8b942c20_0, 0, 6;
    %jmp T_0.48;
T_0.47 ;
    %load/vec4 v0x557d8b9455c0_0;
    %cmpi/e 2, 0, 3;
    %jmp/0xz  T_0.49, 4;
    %pushi/vec4 3, 0, 6;
    %store/vec4 v0x557d8b942c20_0, 0, 6;
    %jmp T_0.50;
T_0.49 ;
    %load/vec4 v0x557d8b9455c0_0;
    %cmpi/e 3, 0, 3;
    %jmp/0xz  T_0.51, 4;
    %pushi/vec4 3, 0, 6;
    %store/vec4 v0x557d8b942c20_0, 0, 6;
    %jmp T_0.52;
T_0.51 ;
    %load/vec4 v0x557d8b9455c0_0;
    %cmpi/e 4, 0, 3;
    %jmp/0xz  T_0.53, 4;
    %pushi/vec4 4, 0, 6;
    %store/vec4 v0x557d8b942c20_0, 0, 6;
    %jmp T_0.54;
T_0.53 ;
    %load/vec4 v0x557d8b9455c0_0;
    %cmpi/e 5, 0, 3;
    %jmp/0xz  T_0.55, 4;
    %load/vec4 v0x557d8b946890_0;
    %cmpi/e 0, 0, 7;
    %jmp/0xz  T_0.57, 4;
    %pushi/vec4 5, 0, 6;
    %store/vec4 v0x557d8b942c20_0, 0, 6;
    %jmp T_0.58;
T_0.57 ;
    %pushi/vec4 13, 0, 6;
    %store/vec4 v0x557d8b942c20_0, 0, 6;
T_0.58 ;
    %jmp T_0.56;
T_0.55 ;
    %load/vec4 v0x557d8b9455c0_0;
    %cmpi/e 6, 0, 3;
    %jmp/0xz  T_0.59, 4;
    %pushi/vec4 6, 0, 6;
    %store/vec4 v0x557d8b942c20_0, 0, 6;
    %jmp T_0.60;
T_0.59 ;
    %load/vec4 v0x557d8b9455c0_0;
    %cmpi/e 7, 0, 3;
    %jmp/0xz  T_0.61, 4;
    %pushi/vec4 7, 0, 6;
    %store/vec4 v0x557d8b942c20_0, 0, 6;
T_0.61 ;
T_0.60 ;
T_0.56 ;
T_0.54 ;
T_0.52 ;
T_0.50 ;
T_0.48 ;
T_0.46 ;
    %jmp T_0.24;
T_0.17 ;
    %pushi/vec4 0, 0, 1;
    %store/vec4 v0x557d8b966810_0, 0, 1;
    %pushi/vec4 0, 0, 1;
    %store/vec4 v0x557d8b943d20_0, 0, 1;
    %pushi/vec4 0, 0, 1;
    %store/vec4 v0x557d8b966750_0, 0, 1;
    %pushi/vec4 0, 0, 2;
    %store/vec4 v0x557d8b9668d0_0, 0, 2;
    %pushi/vec4 1, 0, 2;
    %store/vec4 v0x557d8b9669b0_0, 0, 2;
    %pushi/vec4 1, 0, 1;
    %store/vec4 v0x557d8b966fb0_0, 0, 1;
    %pushi/vec4 1, 0, 1;
    %store/vec4 v0x557d8b966ef0_0, 0, 1;
    %pushi/vec4 0, 0, 6;
    %store/vec4 v0x557d8b942c20_0, 0, 6;
    %jmp T_0.24;
T_0.18 ;
    %pushi/vec4 0, 0, 1;
    %store/vec4 v0x557d8b966810_0, 0, 1;
    %pushi/vec4 0, 0, 1;
    %store/vec4 v0x557d8b943d20_0, 0, 1;
    %pushi/vec4 1, 0, 1;
    %store/vec4 v0x557d8b966750_0, 0, 1;
    %pushi/vec4 0, 0, 2;
    %store/vec4 v0x557d8b9668d0_0, 0, 2;
    %pushi/vec4 1, 0, 2;
    %store/vec4 v0x557d8b9669b0_0, 0, 2;
    %pushi/vec4 0, 0, 1;
    %store/vec4 v0x557d8b966fb0_0, 0, 1;
    %pushi/vec4 0, 0, 1;
    %store/vec4 v0x557d8b966ef0_0, 0, 1;
    %pushi/vec4 0, 0, 6;
    %store/vec4 v0x557d8b942c20_0, 0, 6;
    %jmp T_0.24;
T_0.19 ;
    %pushi/vec4 1, 0, 1;
    %store/vec4 v0x557d8b943d20_0, 0, 1;
    %pushi/vec4 0, 0, 1;
    %store/vec4 v0x557d8b966750_0, 0, 1;
    %pushi/vec4 0, 0, 2;
    %store/vec4 v0x557d8b9668d0_0, 0, 2;
    %pushi/vec4 0, 0, 2;
    %store/vec4 v0x557d8b9669b0_0, 0, 2;
    %pushi/vec4 0, 0, 1;
    %store/vec4 v0x557d8b966fb0_0, 0, 1;
    %pushi/vec4 0, 0, 1;
    %store/vec4 v0x557d8b966ef0_0, 0, 1;
    %load/vec4 v0x557d8b943150_0;
    %flag_set/vec4 8;
    %jmp/0xz  T_0.63, 8;
    %pushi/vec4 1, 0, 1;
    %store/vec4 v0x557d8b966810_0, 0, 1;
    %jmp T_0.64;
T_0.63 ;
    %pushi/vec4 0, 0, 1;
    %store/vec4 v0x557d8b966810_0, 0, 1;
T_0.64 ;
    %load/vec4 v0x557d8b9455c0_0;
    %cmpi/e 0, 0, 3;
    %jmp/0xz  T_0.65, 4;
    %pushi/vec4 16, 0, 6;
    %store/vec4 v0x557d8b942c20_0, 0, 6;
    %jmp T_0.66;
T_0.65 ;
    %load/vec4 v0x557d8b9455c0_0;
    %cmpi/e 1, 0, 3;
    %jmp/0xz  T_0.67, 4;
    %pushi/vec4 17, 0, 6;
    %store/vec4 v0x557d8b942c20_0, 0, 6;
    %jmp T_0.68;
T_0.67 ;
    %load/vec4 v0x557d8b9455c0_0;
    %cmpi/e 4, 0, 3;
    %jmp/0xz  T_0.69, 4;
    %pushi/vec4 2, 0, 6;
    %store/vec4 v0x557d8b942c20_0, 0, 6;
    %jmp T_0.70;
T_0.69 ;
    %load/vec4 v0x557d8b9455c0_0;
    %cmpi/e 5, 0, 3;
    %jmp/0xz  T_0.71, 4;
    %pushi/vec4 21, 0, 6;
    %store/vec4 v0x557d8b942c20_0, 0, 6;
    %jmp T_0.72;
T_0.71 ;
    %load/vec4 v0x557d8b9455c0_0;
    %cmpi/e 6, 0, 3;
    %jmp/0xz  T_0.73, 4;
    %pushi/vec4 22, 0, 6;
    %store/vec4 v0x557d8b942c20_0, 0, 6;
    %jmp T_0.74;
T_0.73 ;
    %load/vec4 v0x557d8b9455c0_0;
    %cmpi/e 7, 0, 3;
    %jmp/0xz  T_0.75, 4;
    %pushi/vec4 23, 0, 6;
    %store/vec4 v0x557d8b942c20_0, 0, 6;
T_0.75 ;
T_0.74 ;
T_0.72 ;
T_0.70 ;
T_0.68 ;
T_0.66 ;
    %jmp T_0.24;
T_0.20 ;
    %pushi/vec4 1, 0, 1;
    %store/vec4 v0x557d8b966810_0, 0, 1;
    %pushi/vec4 0, 0, 1;
    %store/vec4 v0x557d8b943d20_0, 0, 1;
    %pushi/vec4 0, 0, 1;
    %store/vec4 v0x557d8b966750_0, 0, 1;
    %pushi/vec4 2, 0, 2;
    %store/vec4 v0x557d8b9668d0_0, 0, 2;
    %pushi/vec4 0, 0, 2;
    %store/vec4 v0x557d8b9669b0_0, 0, 2;
    %pushi/vec4 0, 0, 1;
    %store/vec4 v0x557d8b966fb0_0, 0, 1;
    %pushi/vec4 1, 0, 1;
    %store/vec4 v0x557d8b966ef0_0, 0, 1;
    %pushi/vec4 63, 0, 6;
    %store/vec4 v0x557d8b942c20_0, 0, 6;
    %jmp T_0.24;
T_0.21 ;
    %pushi/vec4 1, 0, 1;
    %store/vec4 v0x557d8b966810_0, 0, 1;
    %pushi/vec4 0, 0, 1;
    %store/vec4 v0x557d8b943d20_0, 0, 1;
    %pushi/vec4 0, 0, 1;
    %store/vec4 v0x557d8b966750_0, 0, 1;
    %pushi/vec4 2, 0, 2;
    %store/vec4 v0x557d8b9668d0_0, 0, 2;
    %pushi/vec4 0, 0, 2;
    %store/vec4 v0x557d8b9669b0_0, 0, 2;
    %pushi/vec4 0, 0, 1;
    %store/vec4 v0x557d8b966fb0_0, 0, 1;
    %pushi/vec4 1, 0, 1;
    %store/vec4 v0x557d8b966ef0_0, 0, 1;
    %pushi/vec4 31, 0, 6;
    %store/vec4 v0x557d8b942c20_0, 0, 6;
    %jmp T_0.24;
T_0.22 ;
    %pushi/vec4 0, 0, 1;
    %store/vec4 v0x557d8b943d20_0, 0, 1;
    %pushi/vec4 0, 0, 1;
    %store/vec4 v0x557d8b966750_0, 0, 1;
    %pushi/vec4 1, 0, 2;
    %store/vec4 v0x557d8b9668d0_0, 0, 2;
    %pushi/vec4 1, 0, 2;
    %store/vec4 v0x557d8b9669b0_0, 0, 2;
    %pushi/vec4 0, 0, 1;
    %store/vec4 v0x557d8b966fb0_0, 0, 1;
    %pushi/vec4 1, 0, 1;
    %store/vec4 v0x557d8b966ef0_0, 0, 1;
    %pushi/vec4 0, 0, 6;
    %store/vec4 v0x557d8b942c20_0, 0, 6;
    %jmp T_0.24;
T_0.23 ;
    %pushi/vec4 0, 0, 1;
    %store/vec4 v0x557d8b943d20_0, 0, 1;
    %pushi/vec4 0, 0, 1;
    %store/vec4 v0x557d8b966750_0, 0, 1;
    %pushi/vec4 3, 0, 2;
    %store/vec4 v0x557d8b9668d0_0, 0, 2;
    %pushi/vec4 1, 0, 2;
    %store/vec4 v0x557d8b9669b0_0, 0, 2;
    %pushi/vec4 0, 0, 1;
    %store/vec4 v0x557d8b966fb0_0, 0, 1;
    %pushi/vec4 1, 0, 1;
    %store/vec4 v0x557d8b966ef0_0, 0, 1;
    %pushi/vec4 0, 0, 6;
    %store/vec4 v0x557d8b942c20_0, 0, 6;
    %jmp T_0.24;
T_0.24 ;
    %pop/vec4 1;
    %jmp T_0;
    .thread T_0;
    .scope S_0x557d8b9362b0;
T_1 ;
    %pushi/vec4 0, 0, 1;
    %store/vec4 v0x557d8b967570_0, 0, 1;
T_1.0 ;
    %delay 5, 0;
    %load/vec4 v0x557d8b967570_0;
    %inv;
    %store/vec4 v0x557d8b967570_0, 0, 1;
    %jmp T_1.0;
    %end;
    .thread T_1;
    .scope S_0x557d8b9362b0;
T_2 ;
    %vpi_call 2 52 "$display", "==== DECODE TEST ====" {0 0 0};
    %pushi/vec4 0, 0, 16;
    %store/vec4 v0x557d8b968040_0, 0, 16;
    %pushi/vec4 0, 0, 1;
    %store/vec4 v0x557d8b967430_0, 0, 1;
    %pushi/vec4 3211443, 0, 32;
    %store/vec4 v0x557d8b967b60_0, 0, 32;
    %wait E_0x557d8b911e40;
    %delay 1, 0;
    %vpi_call 2 59 "$display", "R-type ADD: rd=%d rs1=%d rs2=%d ALU_Control=%b", v0x557d8b968110_0, v0x557d8b9681e0_0, v0x557d8b9682b0_0, v0x557d8b967350_0 {0 0 0};
    %pushi/vec4 5308563, 0, 32;
    %store/vec4 v0x557d8b967b60_0, 0, 32;
    %wait E_0x557d8b911e40;
    %delay 1, 0;
    %vpi_call 2 64 "$display", "I-type ADDI: rd=%d rs1=%d imm_i=%d ALU_Control=%b", v0x557d8b968110_0, v0x557d8b9681e0_0, v0x557d8b967820_0, v0x557d8b967350_0 {0 0 0};
    %pushi/vec4 3220515, 0, 32;
    %store/vec4 v0x557d8b967b60_0, 0, 32;
    %wait E_0x557d8b911e40;
    %delay 1, 0;
    %vpi_call 2 69 "$display", "S-type SW: rs1=%d rs2=%d imm_s=%d mem_wEn=%b", v0x557d8b9681e0_0, v0x557d8b9682b0_0, v0x557d8b9679c0_0, v0x557d8b967c30_0 {0 0 0};
    %pushi/vec4 3211619, 0, 32;
    %store/vec4 v0x557d8b967b60_0, 0, 32;
    %pushi/vec4 1, 0, 1;
    %store/vec4 v0x557d8b967430_0, 0, 1;
    %wait E_0x557d8b911e40;
    %delay 1, 0;
    %vpi_call 2 75 "$display", "B-type BEQ: rs1=%d rs2=%d imm_b=%d next_PC_select=%b", v0x557d8b9681e0_0, v0x557d8b9682b0_0, v0x557d8b967750_0, v0x557d8b967d00_0 {0 0 0};
    %pushi/vec4 305418423, 0, 32;
    %store/vec4 v0x557d8b967b60_0, 0, 32;
    %wait E_0x557d8b911e40;
    %delay 1, 0;
    %vpi_call 2 80 "$display", "U-type LUI: rd=%d imm_u=%h", v0x557d8b968110_0, v0x557d8b967a90_0 {0 0 0};
    %pushi/vec4 1048815, 0, 32;
    %store/vec4 v0x557d8b967b60_0, 0, 32;
    %wait E_0x557d8b911e40;
    %delay 1, 0;
    %vpi_call 2 85 "$display", "J-type JAL: rd=%d imm_j=%h", v0x557d8b968110_0, v0x557d8b9678f0_0 {0 0 0};
    %vpi_call 2 87 "$finish" {0 0 0};
    %end;
    .thread T_2;
# The file index is used to find the file name in the following table.
:file_names 4;
    "N/A";
    "<interactive>";
    "decode_tb.v";
    "../CPU/decode.v";
