#! /usr/bin/vvp
:ivl_version "12.0 (stable)";
:ivl_delay_selection "TYPICAL";
:vpi_time_precision + 0;
:vpi_module "/usr/lib/x86_64-linux-gnu/ivl/system.vpi";
:vpi_module "/usr/lib/x86_64-linux-gnu/ivl/vhdl_sys.vpi";
:vpi_module "/usr/lib/x86_64-linux-gnu/ivl/vhdl_textio.vpi";
:vpi_module "/usr/lib/x86_64-linux-gnu/ivl/v2005_math.vpi";
:vpi_module "/usr/lib/x86_64-linux-gnu/ivl/va_math.vpi";
S_0x555569199f70 .scope module, "imm_gen_tb" "imm_gen_tb" 2 3;
 .timescale 0 0;
v0x5555691c4ab0_0 .var "clk", 0 0;
v0x5555691c4b80_0 .net "imm32", 31 0, v0x5555691c47b0_0;  1 drivers
v0x5555691c4c50_0 .var "instruction", 31 0;
S_0x5555691a7120 .scope module, "imm_gen" "imm_gen" 2 9, 3 4 0, S_0x555569199f70;
 .timescale 0 0;
    .port_info 0 /INPUT 1 "clk";
    .port_info 1 /INPUT 32 "instruction";
    .port_info 2 /OUTPUT 32 "imm32";
v0x5555691a7350_0 .net "clk", 0 0, v0x5555691c4ab0_0;  1 drivers
v0x5555691c47b0_0 .var "imm32", 31 0;
v0x5555691c4890_0 .net "instruction", 31 0, v0x5555691c4c50_0;  1 drivers
v0x5555691c4950_0 .net "opcode", 6 0, L_0x5555691c4d50;  1 drivers
E_0x55556916ae80 .event anyedge, v0x5555691c4950_0, v0x5555691c4890_0;
L_0x5555691c4d50 .part v0x5555691c4c50_0, 0, 7;
    .scope S_0x5555691a7120;
T_0 ;
    %wait E_0x55556916ae80;
    %load/vec4 v0x5555691c4950_0;
    %dup/vec4;
    %pushi/vec4 19, 0, 7;
    %cmp/u;
    %jmp/1 T_0.0, 6;
    %dup/vec4;
    %pushi/vec4 3, 0, 7;
    %cmp/u;
    %jmp/1 T_0.1, 6;
    %dup/vec4;
    %pushi/vec4 103, 0, 7;
    %cmp/u;
    %jmp/1 T_0.2, 6;
    %dup/vec4;
    %pushi/vec4 35, 0, 7;
    %cmp/u;
    %jmp/1 T_0.3, 6;
    %dup/vec4;
    %pushi/vec4 99, 0, 7;
    %cmp/u;
    %jmp/1 T_0.4, 6;
    %dup/vec4;
    %pushi/vec4 55, 0, 7;
    %cmp/u;
    %jmp/1 T_0.5, 6;
    %dup/vec4;
    %pushi/vec4 23, 0, 7;
    %cmp/u;
    %jmp/1 T_0.6, 6;
    %dup/vec4;
    %pushi/vec4 111, 0, 7;
    %cmp/u;
    %jmp/1 T_0.7, 6;
    %pushi/vec4 0, 0, 32;
    %store/vec4 v0x5555691c47b0_0, 0, 32;
    %jmp T_0.9;
T_0.0 ;
    %load/vec4 v0x5555691c4890_0;
    %parti/s 1, 31, 6;
    %replicate 20;
    %load/vec4 v0x5555691c4890_0;
    %parti/s 12, 20, 6;
    %concat/vec4; draw_concat_vec4
    %store/vec4 v0x5555691c47b0_0, 0, 32;
    %jmp T_0.9;
T_0.1 ;
    %load/vec4 v0x5555691c4890_0;
    %parti/s 1, 31, 6;
    %replicate 20;
    %load/vec4 v0x5555691c4890_0;
    %parti/s 12, 20, 6;
    %concat/vec4; draw_concat_vec4
    %store/vec4 v0x5555691c47b0_0, 0, 32;
    %jmp T_0.9;
T_0.2 ;
    %load/vec4 v0x5555691c4890_0;
    %parti/s 1, 31, 6;
    %replicate 20;
    %load/vec4 v0x5555691c4890_0;
    %parti/s 12, 20, 6;
    %concat/vec4; draw_concat_vec4
    %store/vec4 v0x5555691c47b0_0, 0, 32;
    %jmp T_0.9;
T_0.3 ;
    %load/vec4 v0x5555691c4890_0;
    %parti/s 1, 31, 6;
    %replicate 20;
    %load/vec4 v0x5555691c4890_0;
    %parti/s 7, 25, 6;
    %concat/vec4; draw_concat_vec4
    %load/vec4 v0x5555691c4890_0;
    %parti/s 5, 7, 4;
    %concat/vec4; draw_concat_vec4
    %store/vec4 v0x5555691c47b0_0, 0, 32;
    %jmp T_0.9;
T_0.4 ;
    %load/vec4 v0x5555691c4890_0;
    %parti/s 1, 31, 6;
    %replicate 19;
    %load/vec4 v0x5555691c4890_0;
    %parti/s 1, 31, 6;
    %concat/vec4; draw_concat_vec4
    %load/vec4 v0x5555691c4890_0;
    %parti/s 1, 7, 4;
    %concat/vec4; draw_concat_vec4
    %load/vec4 v0x5555691c4890_0;
    %parti/s 6, 25, 6;
    %concat/vec4; draw_concat_vec4
    %load/vec4 v0x5555691c4890_0;
    %parti/s 4, 8, 5;
    %concat/vec4; draw_concat_vec4
    %concati/vec4 0, 0, 1;
    %store/vec4 v0x5555691c47b0_0, 0, 32;
    %jmp T_0.9;
T_0.5 ;
    %load/vec4 v0x5555691c4890_0;
    %parti/s 20, 12, 5;
    %concati/vec4 0, 0, 12;
    %store/vec4 v0x5555691c47b0_0, 0, 32;
    %jmp T_0.9;
T_0.6 ;
    %load/vec4 v0x5555691c4890_0;
    %parti/s 20, 12, 5;
    %concati/vec4 0, 0, 12;
    %store/vec4 v0x5555691c47b0_0, 0, 32;
    %jmp T_0.9;
T_0.7 ;
    %load/vec4 v0x5555691c4890_0;
    %parti/s 1, 31, 6;
    %replicate 11;
    %load/vec4 v0x5555691c4890_0;
    %parti/s 1, 31, 6;
    %concat/vec4; draw_concat_vec4
    %load/vec4 v0x5555691c4890_0;
    %parti/s 8, 12, 5;
    %concat/vec4; draw_concat_vec4
    %load/vec4 v0x5555691c4890_0;
    %parti/s 1, 20, 6;
    %concat/vec4; draw_concat_vec4
    %load/vec4 v0x5555691c4890_0;
    %parti/s 10, 21, 6;
    %concat/vec4; draw_concat_vec4
    %concati/vec4 0, 0, 1;
    %store/vec4 v0x5555691c47b0_0, 0, 32;
    %jmp T_0.9;
T_0.9 ;
    %pop/vec4 1;
    %jmp T_0;
    .thread T_0, $push;
    .scope S_0x555569199f70;
T_1 ;
    %pushi/vec4 0, 0, 1;
    %store/vec4 v0x5555691c4ab0_0, 0, 1;
T_1.0 ;
    %delay 5, 0;
    %load/vec4 v0x5555691c4ab0_0;
    %inv;
    %store/vec4 v0x5555691c4ab0_0, 0, 1;
    %jmp T_1.0;
    %end;
    .thread T_1;
    .scope S_0x555569199f70;
T_2 ;
    %vpi_call 2 23 "$display", "=============JALR Test===================" {0 0 0};
    %pushi/vec4 4293984487, 0, 32;
    %store/vec4 v0x5555691c4c50_0, 0, 32;
    %delay 1, 0;
    %vpi_call 2 26 "$display", "Instruction = %b", v0x5555691c4c50_0 {0 0 0};
    %delay 1, 0;
    %vpi_call 2 27 "$display", "JALR: imm32 = %h (expect FFFFFFFF or signed -1)", v0x5555691c4b80_0 {0 0 0};
    %vpi_call 2 28 "$display", "=============S Test===================" {0 0 0};
    %pushi/vec4 1206976743, 0, 32;
    %store/vec4 v0x5555691c4c50_0, 0, 32;
    %delay 1, 0;
    %vpi_call 2 31 "$display", "Instruction = %b", v0x5555691c4c50_0 {0 0 0};
    %delay 1, 0;
    %vpi_call 2 32 "$display", "S: imm32 = %h (expect 0000047f or signed -1)", v0x5555691c4b80_0 {0 0 0};
    %vpi_call 2 33 "$display", "=============B Test===================" {0 0 0};
    %pushi/vec4 3354460391, 0, 32;
    %store/vec4 v0x5555691c4c50_0, 0, 32;
    %delay 1, 0;
    %vpi_call 2 36 "$display", "Instruction = %b", v0x5555691c4c50_0 {0 0 0};
    %delay 1, 0;
    %vpi_call 2 37 "$display", "B: imm32 = %h (expect fffffc7f or signed -1)", v0x5555691c4b80_0 {0 0 0};
    %vpi_call 2 38 "$display", "=============U Test===================" {0 0 0};
    %pushi/vec4 1878065383, 0, 32;
    %store/vec4 v0x5555691c4c50_0, 0, 32;
    %delay 1, 0;
    %vpi_call 2 41 "$display", "Instruction = %b", v0x5555691c4c50_0 {0 0 0};
    %delay 1, 0;
    %vpi_call 2 42 "$display", "LUI: imm32 = %h (expect 000006ff or signed -1)", v0x5555691c4b80_0 {0 0 0};
    %pushi/vec4 804323559, 0, 32;
    %store/vec4 v0x5555691c4c50_0, 0, 32;
    %delay 1, 0;
    %vpi_call 2 45 "$display", "Instruction = %b", v0x5555691c4c50_0 {0 0 0};
    %delay 1, 0;
    %vpi_call 2 46 "$display", "AUIPC: imm32 = %h (expect 000002ff or signed -1)", v0x5555691c4b80_0 {0 0 0};
    %vpi_call 2 47 "$display", "=============J Test===================" {0 0 0};
    %pushi/vec4 3757113575, 0, 32;
    %store/vec4 v0x5555691c4c50_0, 0, 32;
    %delay 1, 0;
    %vpi_call 2 50 "$display", "Instruction = %b", v0x5555691c4c50_0 {0 0 0};
    %delay 1, 0;
    %vpi_call 2 51 "$display", "JAL: imm32 = %h (expect FFFFFDFF or signed -1)", v0x5555691c4b80_0 {0 0 0};
    %vpi_call 2 52 "$finish" {0 0 0};
    %end;
    .thread T_2;
# The file index is used to find the file name in the following table.
:file_names 4;
    "N/A";
    "<interactive>";
    "imm_gen_tb.v";
    "../CPU/imm_gen.v";
