#! /usr/bin/vvp
:ivl_version "12.0 (stable)";
:ivl_delay_selection "TYPICAL";
:vpi_time_precision + 0;
:vpi_module "/usr/lib/x86_64-linux-gnu/ivl/system.vpi";
:vpi_module "/usr/lib/x86_64-linux-gnu/ivl/vhdl_sys.vpi";
:vpi_module "/usr/lib/x86_64-linux-gnu/ivl/vhdl_textio.vpi";
:vpi_module "/usr/lib/x86_64-linux-gnu/ivl/v2005_math.vpi";
:vpi_module "/usr/lib/x86_64-linux-gnu/ivl/va_math.vpi";
S_0x5574378f0c70 .scope module, "instruction_memory_tb" "instruction_memory_tb" 2 3;
 .timescale 0 0;
v0x557437916790_0 .var "clk", 0 0;
v0x557437916830_0 .var "i_address", 15 0;
v0x5574379168d0_0 .net "i_read_data", 31 0, v0x5574378ef980_0;  1 drivers
S_0x557437901840 .scope module, "imem" "instruction_memory" 2 8, 3 3 0, S_0x5574378f0c70;
 .timescale 0 0;
    .port_info 0 /INPUT 1 "clk";
    .port_info 1 /INPUT 16 "i_address";
    .port_info 2 /OUTPUT 32 "i_read_data";
P_0x5574379019d0 .param/l "RAM_DEPTH" 1 3 9, +C4<000000000000000000000000000000010000000000000000>;
v0x5574378ee410_0 .net "clk", 0 0, v0x557437916790_0;  1 drivers
v0x5574378eee00_0 .net "i_address", 15 0, v0x557437916830_0;  1 drivers
v0x5574378ef980_0 .var "i_read_data", 31 0;
v0x557437916650 .array "memory", 65536 0, 31 0;
E_0x557437900ac0 .event posedge, v0x5574378ee410_0;
    .scope S_0x557437901840;
T_0 ;
    %wait E_0x557437900ac0;
    %load/vec4 v0x5574378eee00_0;
    %parti/s 14, 2, 3;
    %pad/u 18;
    %ix/vec4 4;
    %load/vec4a v0x557437916650, 4;
    %assign/vec4 v0x5574378ef980_0, 0;
    %jmp T_0;
    .thread T_0;
    .scope S_0x557437901840;
T_1 ;
    %vpi_call 3 16 "$readmemh", "program.hex", v0x557437916650 {0 0 0};
    %end;
    .thread T_1;
    .scope S_0x5574378f0c70;
T_2 ;
    %pushi/vec4 0, 0, 1;
    %store/vec4 v0x557437916790_0, 0, 1;
T_2.0 ;
    %delay 5, 0;
    %load/vec4 v0x557437916790_0;
    %inv;
    %store/vec4 v0x557437916790_0, 0, 1;
    %jmp T_2.0;
    %end;
    .thread T_2;
    .scope S_0x5574378f0c70;
T_3 ;
    %vpi_call 2 22 "$display", "========= Instruction Memory Test =========" {0 0 0};
    %delay 1, 0;
    %pushi/vec4 0, 0, 16;
    %store/vec4 v0x557437916830_0, 0, 16;
    %wait E_0x557437900ac0;
    %delay 1, 0;
    %vpi_call 2 30 "$display", "i_address=0x0000 \342\206\222 i_read_data = %h (expect 12345678)", v0x5574379168d0_0 {0 0 0};
    %pushi/vec4 4, 0, 16;
    %store/vec4 v0x557437916830_0, 0, 16;
    %wait E_0x557437900ac0;
    %delay 1, 0;
    %vpi_call 2 35 "$display", "i_address=0x0004 \342\206\222 i_read_data = %h (expect deadbeef)", v0x5574379168d0_0 {0 0 0};
    %pushi/vec4 8, 0, 16;
    %store/vec4 v0x557437916830_0, 0, 16;
    %wait E_0x557437900ac0;
    %delay 1, 0;
    %vpi_call 2 40 "$display", "i_address=0x0008 \342\206\222 i_read_data = %h (expect beefcafe)", v0x5574379168d0_0 {0 0 0};
    %vpi_call 2 42 "$finish" {0 0 0};
    %end;
    .thread T_3;
# The file index is used to find the file name in the following table.
:file_names 4;
    "N/A";
    "<interactive>";
    "instruction_memory_tb.v";
    "../CPU/instruction_memory.v";
