#! /usr/bin/vvp
:ivl_version "12.0 (stable)";
:ivl_delay_selection "TYPICAL";
:vpi_time_precision + 0;
:vpi_module "/usr/lib/x86_64-linux-gnu/ivl/system.vpi";
:vpi_module "/usr/lib/x86_64-linux-gnu/ivl/vhdl_sys.vpi";
:vpi_module "/usr/lib/x86_64-linux-gnu/ivl/vhdl_textio.vpi";
:vpi_module "/usr/lib/x86_64-linux-gnu/ivl/v2005_math.vpi";
:vpi_module "/usr/lib/x86_64-linux-gnu/ivl/va_math.vpi";
S_0x56064b1618a0 .scope module, "regfile_tb" "regfile_tb" 2 2;
 .timescale 0 0;
v0x56064b17dd20_0 .var "clk", 0 0;
v0x56064b17dde0_0 .var/i "i", 31 0;
v0x56064b17dea0_0 .var "rd", 4 0;
v0x56064b17df40_0 .net "read_data1", 31 0, L_0x56064b14f7a0;  1 drivers
v0x56064b17dfe0_0 .net "read_data2", 31 0, L_0x56064b14fda0;  1 drivers
v0x56064b17e080_0 .var "rs1", 4 0;
v0x56064b17e120_0 .var "rs2", 4 0;
v0x56064b17e1f0_0 .var "rst", 0 0;
v0x56064b17e2c0_0 .var "wEn", 0 0;
v0x56064b17e390_0 .var "write_data", 31 0;
S_0x56064b161a30 .scope module, "regfile" "regfile" 2 8, 3 3 0, S_0x56064b1618a0;
 .timescale 0 0;
    .port_info 0 /INPUT 1 "clk";
    .port_info 1 /INPUT 1 "rst";
    .port_info 2 /INPUT 1 "wEn";
    .port_info 3 /INPUT 32 "write_data";
    .port_info 4 /INPUT 5 "rs1";
    .port_info 5 /INPUT 5 "rs2";
    .port_info 6 /INPUT 5 "rd";
    .port_info 7 /OUTPUT 32 "read_data1";
    .port_info 8 /OUTPUT 32 "read_data2";
L_0x56064b14f7a0 .functor BUFZ 32, L_0x56064b17e460, C4<00000000000000000000000000000000>, C4<00000000000000000000000000000000>, C4<00000000000000000000000000000000>;
L_0x56064b14fda0 .functor BUFZ 32, L_0x56064b17e740, C4<00000000000000000000000000000000>, C4<00000000000000000000000000000000>, C4<00000000000000000000000000000000>;
v0x56064b14f900_0 .net *"_ivl_0", 31 0, L_0x56064b17e460;  1 drivers
v0x56064b14ff40_0 .net *"_ivl_10", 6 0, L_0x56064b17e7e0;  1 drivers
L_0x7f3f64e76060 .functor BUFT 1, C4<00>, C4<0>, C4<0>, C4<0>;
v0x56064b1506c0_0 .net *"_ivl_13", 1 0, L_0x7f3f64e76060;  1 drivers
v0x56064b150ae0_0 .net *"_ivl_2", 6 0, L_0x56064b17e560;  1 drivers
L_0x7f3f64e76018 .functor BUFT 1, C4<00>, C4<0>, C4<0>, C4<0>;
v0x56064b17d0d0_0 .net *"_ivl_5", 1 0, L_0x7f3f64e76018;  1 drivers
v0x56064b17d200_0 .net *"_ivl_8", 31 0, L_0x56064b17e740;  1 drivers
v0x56064b17d2e0_0 .net "clk", 0 0, v0x56064b17dd20_0;  1 drivers
v0x56064b17d3a0_0 .var/i "i", 31 0;
v0x56064b17d480_0 .net "rd", 4 0, v0x56064b17dea0_0;  1 drivers
v0x56064b17d560_0 .net "read_data1", 31 0, L_0x56064b14f7a0;  alias, 1 drivers
v0x56064b17d640_0 .net "read_data2", 31 0, L_0x56064b14fda0;  alias, 1 drivers
v0x56064b17d720_0 .net "rs1", 4 0, v0x56064b17e080_0;  1 drivers
v0x56064b17d800_0 .net "rs2", 4 0, v0x56064b17e120_0;  1 drivers
v0x56064b17d8e0_0 .net "rst", 0 0, v0x56064b17e1f0_0;  1 drivers
v0x56064b17d9a0_0 .net "wEn", 0 0, v0x56064b17e2c0_0;  1 drivers
v0x56064b17da60_0 .net "write_data", 31 0, v0x56064b17e390_0;  1 drivers
v0x56064b17db40 .array "x", 31 0, 31 0;
E_0x56064b15dc80 .event posedge, v0x56064b17d2e0_0;
L_0x56064b17e460 .array/port v0x56064b17db40, L_0x56064b17e560;
L_0x56064b17e560 .concat [ 5 2 0 0], v0x56064b17e080_0, L_0x7f3f64e76018;
L_0x56064b17e740 .array/port v0x56064b17db40, L_0x56064b17e7e0;
L_0x56064b17e7e0 .concat [ 5 2 0 0], v0x56064b17e120_0, L_0x7f3f64e76060;
    .scope S_0x56064b161a30;
T_0 ;
    %wait E_0x56064b15dc80;
    %load/vec4 v0x56064b17d8e0_0;
    %flag_set/vec4 8;
    %jmp/0xz  T_0.0, 8;
    %pushi/vec4 0, 0, 32;
    %ix/load 3, 0, 0;
    %flag_set/imm 4, 0;
    %ix/load 4, 0, 0; Constant delay
    %assign/vec4/a/d v0x56064b17db40, 0, 4;
    %pushi/vec4 0, 0, 32;
    %store/vec4 v0x56064b17d3a0_0, 0, 32;
T_0.2 ;
    %load/vec4 v0x56064b17d3a0_0;
    %cmpi/s 32, 0, 32;
    %jmp/0xz T_0.3, 5;
    %pushi/vec4 0, 0, 32;
    %ix/getv/s 3, v0x56064b17d3a0_0;
    %ix/load 4, 0, 0; Constant delay
    %assign/vec4/a/d v0x56064b17db40, 0, 4;
    ; show_stmt_assign_vector: Get l-value for compressed += operand
    %load/vec4 v0x56064b17d3a0_0;
    %pushi/vec4 1, 0, 32;
    %add;
    %store/vec4 v0x56064b17d3a0_0, 0, 32;
    %jmp T_0.2;
T_0.3 ;
    %jmp T_0.1;
T_0.0 ;
    %load/vec4 v0x56064b17d9a0_0;
    %flag_set/vec4 9;
    %flag_get/vec4 9;
    %jmp/0 T_0.6, 9;
    %load/vec4 v0x56064b17d480_0;
    %pushi/vec4 0, 0, 5;
    %cmp/ne;
    %flag_get/vec4 4;
    %and;
T_0.6;
    %flag_set/vec4 8;
    %jmp/0xz  T_0.4, 8;
    %load/vec4 v0x56064b17da60_0;
    %load/vec4 v0x56064b17d480_0;
    %pad/u 7;
    %ix/vec4 3;
    %ix/load 4, 0, 0; Constant delay
    %assign/vec4/a/d v0x56064b17db40, 0, 4;
    %load/vec4 v0x56064b17d480_0;
    %pad/u 7;
    %ix/vec4 4;
    %load/vec4a v0x56064b17db40, 4;
    %vpi_call 3 27 "$display", "x[%0d] = %h", v0x56064b17d480_0, S<0,vec4,u32> {1 0 0};
T_0.4 ;
T_0.1 ;
    %jmp T_0;
    .thread T_0;
    .scope S_0x56064b1618a0;
T_1 ;
    %pushi/vec4 0, 0, 1;
    %store/vec4 v0x56064b17dd20_0, 0, 1;
T_1.0 ;
    %delay 5, 0;
    %load/vec4 v0x56064b17dd20_0;
    %inv;
    %store/vec4 v0x56064b17dd20_0, 0, 1;
    %jmp T_1.0;
    %end;
    .thread T_1;
    .scope S_0x56064b1618a0;
T_2 ;
    %pushi/vec4 1, 0, 1;
    %store/vec4 v0x56064b17e1f0_0, 0, 1;
    %pushi/vec4 0, 0, 1;
    %store/vec4 v0x56064b17e2c0_0, 0, 1;
    %pushi/vec4 0, 0, 5;
    %store/vec4 v0x56064b17e080_0, 0, 5;
    %pushi/vec4 0, 0, 5;
    %store/vec4 v0x56064b17e120_0, 0, 5;
    %pushi/vec4 0, 0, 5;
    %store/vec4 v0x56064b17dea0_0, 0, 5;
    %pushi/vec4 0, 0, 32;
    %store/vec4 v0x56064b17e390_0, 0, 32;
    %delay 10, 0;
    %pushi/vec4 0, 0, 1;
    %store/vec4 v0x56064b17e1f0_0, 0, 1;
    %pushi/vec4 1, 0, 32;
    %store/vec4 v0x56064b17dde0_0, 0, 32;
T_2.0 ;
    %load/vec4 v0x56064b17dde0_0;
    %cmpi/s 32, 0, 32;
    %jmp/0xz T_2.1, 5;
    %wait E_0x56064b15dc80;
    %pushi/vec4 1, 0, 1;
    %store/vec4 v0x56064b17e2c0_0, 0, 1;
    %load/vec4 v0x56064b17dde0_0;
    %pad/s 5;
    %store/vec4 v0x56064b17dea0_0, 0, 5;
    %load/vec4 v0x56064b17dde0_0;
    %muli 286331153, 0, 32;
    %store/vec4 v0x56064b17e390_0, 0, 32;
    %wait E_0x56064b15dc80;
    %load/vec4 v0x56064b17dde0_0;
    %addi 1, 0, 32;
    %store/vec4 v0x56064b17dde0_0, 0, 32;
    %jmp T_2.0;
T_2.1 ;
    %wait E_0x56064b15dc80;
    %pushi/vec4 0, 0, 1;
    %store/vec4 v0x56064b17e2c0_0, 0, 1;
    %pushi/vec4 1, 0, 32;
    %store/vec4 v0x56064b17dde0_0, 0, 32;
T_2.2 ;
    %load/vec4 v0x56064b17dde0_0;
    %cmpi/s 32, 0, 32;
    %jmp/0xz T_2.3, 5;
    %wait E_0x56064b15dc80;
    %load/vec4 v0x56064b17dde0_0;
    %pad/s 5;
    %store/vec4 v0x56064b17e080_0, 0, 5;
    %delay 1, 0;
    %load/vec4 v0x56064b17dde0_0;
    %muli 286331153, 0, 32;
    %vpi_call 2 46 "$display", "x%0d = %h (expect %h)", v0x56064b17dde0_0, v0x56064b17df40_0, S<0,vec4,u32> {1 0 0};
    %load/vec4 v0x56064b17dde0_0;
    %addi 1, 0, 32;
    %store/vec4 v0x56064b17dde0_0, 0, 32;
    %jmp T_2.2;
T_2.3 ;
    %vpi_call 2 49 "$finish" {0 0 0};
    %end;
    .thread T_2;
# The file index is used to find the file name in the following table.
:file_names 4;
    "N/A";
    "<interactive>";
    "regfile_tb.v";
    "../CPU/regfile.v";
