#! /usr/bin/vvp
:ivl_version "12.0 (stable)";
:ivl_delay_selection "TYPICAL";
:vpi_time_precision - 12;
:vpi_module "/usr/lib/x86_64-linux-gnu/ivl/system.vpi";
:vpi_module "/usr/lib/x86_64-linux-gnu/ivl/vhdl_sys.vpi";
:vpi_module "/usr/lib/x86_64-linux-gnu/ivl/vhdl_textio.vpi";
:vpi_module "/usr/lib/x86_64-linux-gnu/ivl/v2005_math.vpi";
:vpi_module "/usr/lib/x86_64-linux-gnu/ivl/va_math.vpi";
S_0x56230cc52570 .scope module, "address_splitter_tb" "address_splitter_tb" 2 2;
 .timescale -9 -12;
v0x56230cc65cc0_0 .var "address", 31 0;
v0x56230cc65d80_0 .var "clk", 0 0;
v0x56230cc65e50_0 .net "offset_memory", 1 0, v0x56230cc65720_0;  1 drivers
v0x56230cc65f50_0 .net "set_memory", 1 0, v0x56230cc65810_0;  1 drivers
v0x56230cc66020_0 .net "tag_memory", 27 0, v0x56230cc658f0_0;  1 drivers
S_0x56230cc52700 .scope module, "address_splitter" "address_splitter" 2 8, 3 1 0, S_0x56230cc52570;
 .timescale -9 -12;
    .port_info 0 /INPUT 1 "clk";
    .port_info 1 /INPUT 32 "address";
    .port_info 2 /OUTPUT 28 "tag_memory";
    .port_info 3 /OUTPUT 2 "set_memory";
    .port_info 4 /OUTPUT 2 "offset_memory";
v0x56230cc174c0_0 .net "address", 31 0, v0x56230cc65cc0_0;  1 drivers
v0x56230cc65660_0 .net "clk", 0 0, v0x56230cc65d80_0;  1 drivers
v0x56230cc65720_0 .var "offset_memory", 1 0;
v0x56230cc65810_0 .var "set_memory", 1 0;
v0x56230cc658f0_0 .var "tag_memory", 27 0;
E_0x56230cc53c70 .event posedge, v0x56230cc65660_0;
S_0x56230cc65ac0 .scope task, "display_status" "display_status" 2 21, 2 21 0, S_0x56230cc52570;
 .timescale -9 -12;
TD_address_splitter_tb.display_status ;
    %vpi_call 2 22 "$display", "T=%0t | address = %b | tag_memory = %b | set_memory=%b | offset_memory =%b", $time, v0x56230cc65cc0_0, v0x56230cc66020_0, v0x56230cc65f50_0, v0x56230cc65e50_0 {0 0 0};
    %end;
    .scope S_0x56230cc52700;
T_1 ;
    %wait E_0x56230cc53c70;
    %load/vec4 v0x56230cc174c0_0;
    %parti/s 28, 4, 4;
    %store/vec4 v0x56230cc658f0_0, 0, 28;
    %load/vec4 v0x56230cc174c0_0;
    %parti/s 2, 2, 3;
    %store/vec4 v0x56230cc65810_0, 0, 2;
    %load/vec4 v0x56230cc174c0_0;
    %parti/s 2, 0, 2;
    %store/vec4 v0x56230cc65720_0, 0, 2;
    %jmp T_1;
    .thread T_1;
    .scope S_0x56230cc52570;
T_2 ;
    %pushi/vec4 0, 0, 1;
    %store/vec4 v0x56230cc65d80_0, 0, 1;
T_2.0 ;
    %delay 5000, 0;
    %load/vec4 v0x56230cc65d80_0;
    %inv;
    %store/vec4 v0x56230cc65d80_0, 0, 1;
    %jmp T_2.0;
    %end;
    .thread T_2;
    .scope S_0x56230cc52570;
T_3 ;
    %pushi/vec4 4294967290, 0, 32;
    %store/vec4 v0x56230cc65cc0_0, 0, 32;
    %delay 10000, 0;
    %fork TD_address_splitter_tb.display_status, S_0x56230cc65ac0;
    %join;
    %vpi_call 2 28 "$finish" {0 0 0};
    %end;
    .thread T_3;
# The file index is used to find the file name in the following table.
:file_names 4;
    "N/A";
    "<interactive>";
    "address_splitter_tb.v";
    "../cache/address_splitter.v";
