#! /usr/bin/vvp
:ivl_version "12.0 (stable)";
:ivl_delay_selection "TYPICAL";
:vpi_time_precision - 12;
:vpi_module "/usr/lib/x86_64-linux-gnu/ivl/system.vpi";
:vpi_module "/usr/lib/x86_64-linux-gnu/ivl/vhdl_sys.vpi";
:vpi_module "/usr/lib/x86_64-linux-gnu/ivl/vhdl_textio.vpi";
:vpi_module "/usr/lib/x86_64-linux-gnu/ivl/v2005_math.vpi";
:vpi_module "/usr/lib/x86_64-linux-gnu/ivl/va_math.vpi";
S_0x55ac07d0c560 .scope module, "cache_array_tb" "cache_array_tb" 2 4;
 .timescale -9 -12;
v0x55ac07d345f0_0 .var "clk", 0 0;
v0x55ac07d346b0_0 .net "data_way0", 31 0, v0x55ac07d32e40_0;  1 drivers
v0x55ac07d34750_0 .net "data_way1", 31 0, v0x55ac07d32f00_0;  1 drivers
v0x55ac07d34850_0 .var "data_write_in", 31 0;
v0x55ac07d34920_0 .net "dirty_way0", 0 0, v0x55ac07d33300_0;  1 drivers
v0x55ac07d34a10_0 .net "dirty_way1", 0 0, v0x55ac07d333c0_0;  1 drivers
v0x55ac07d34ae0_0 .var "dirty_write_in", 0 0;
v0x55ac07d34bb0_0 .var "index", 1 0;
v0x55ac07d34c80_0 .var "rst", 0 0;
v0x55ac07d34d50_0 .net "tag_way0", 27 0, v0x55ac07d338a0_0;  1 drivers
v0x55ac07d34e20_0 .net "tag_way1", 27 0, v0x55ac07d33980_0;  1 drivers
v0x55ac07d34ef0_0 .var "tag_write_in", 27 0;
v0x55ac07d34fc0_0 .net "v_way0", 0 0, v0x55ac07d33b40_0;  1 drivers
v0x55ac07d35090_0 .net "v_way1", 0 0, v0x55ac07d33c00_0;  1 drivers
v0x55ac07d35160_0 .var "v_write_in", 0 0;
v0x55ac07d35230_0 .var "victim_way", 0 0;
v0x55ac07d35300_0 .var "write_en", 0 0;
S_0x55ac07d0c6f0 .scope module, "cache_array" "cache_array" 2 24, 3 1 0, S_0x55ac07d0c560;
 .timescale -9 -12;
    .port_info 0 /INPUT 1 "clk";
    .port_info 1 /INPUT 1 "rst";
    .port_info 2 /INPUT 1 "write_en";
    .port_info 3 /INPUT 2 "index";
    .port_info 4 /INPUT 1 "v_write_in";
    .port_info 5 /INPUT 28 "tag_write_in";
    .port_info 6 /INPUT 32 "data_write_in";
    .port_info 7 /INPUT 1 "dirty_write_in";
    .port_info 8 /INPUT 1 "victim_way";
    .port_info 9 /OUTPUT 1 "v_way0";
    .port_info 10 /OUTPUT 1 "v_way1";
    .port_info 11 /OUTPUT 1 "dirty_way0";
    .port_info 12 /OUTPUT 1 "dirty_way1";
    .port_info 13 /OUTPUT 28 "tag_way0";
    .port_info 14 /OUTPUT 28 "tag_way1";
    .port_info 15 /OUTPUT 32 "data_way0";
    .port_info 16 /OUTPUT 32 "data_way1";
v0x55ac07cc9760_0 .net "clk", 0 0, v0x55ac07d345f0_0;  1 drivers
v0x55ac07d32c30 .array "data_array", 7 0, 31 0;
v0x55ac07d32e40_0 .var "data_way0", 31 0;
v0x55ac07d32f00_0 .var "data_way1", 31 0;
v0x55ac07d32fe0_0 .net "data_write_in", 31 0, v0x55ac07d34850_0;  1 drivers
v0x55ac07d33110 .array "dirty_array", 7 0, 0 0;
v0x55ac07d33300_0 .var "dirty_way0", 0 0;
v0x55ac07d333c0_0 .var "dirty_way1", 0 0;
v0x55ac07d33480_0 .net "dirty_write_in", 0 0, v0x55ac07d34ae0_0;  1 drivers
v0x55ac07d33540_0 .net "index", 1 0, v0x55ac07d34bb0_0;  1 drivers
v0x55ac07d33620_0 .net "rst", 0 0, v0x55ac07d34c80_0;  1 drivers
v0x55ac07d336e0 .array "tag_array", 7 0, 27 0;
v0x55ac07d338a0_0 .var "tag_way0", 27 0;
v0x55ac07d33980_0 .var "tag_way1", 27 0;
v0x55ac07d33a60_0 .net "tag_write_in", 27 0, v0x55ac07d34ef0_0;  1 drivers
v0x55ac07d33b40_0 .var "v_way0", 0 0;
v0x55ac07d33c00_0 .var "v_way1", 0 0;
v0x55ac07d33cc0_0 .net "v_write_in", 0 0, v0x55ac07d35160_0;  1 drivers
v0x55ac07d33d80 .array "valid_array", 7 0, 0 0;
v0x55ac07d33f70_0 .net "victim_way", 0 0, v0x55ac07d35230_0;  1 drivers
v0x55ac07d34030_0 .net "write_en", 0 0, v0x55ac07d35300_0;  1 drivers
v0x55ac07d33d80_0 .array/port v0x55ac07d33d80, 0;
v0x55ac07d33d80_1 .array/port v0x55ac07d33d80, 1;
v0x55ac07d33d80_2 .array/port v0x55ac07d33d80, 2;
E_0x55ac07d0d6a0/0 .event anyedge, v0x55ac07d33540_0, v0x55ac07d33d80_0, v0x55ac07d33d80_1, v0x55ac07d33d80_2;
v0x55ac07d33d80_3 .array/port v0x55ac07d33d80, 3;
v0x55ac07d33d80_4 .array/port v0x55ac07d33d80, 4;
v0x55ac07d33d80_5 .array/port v0x55ac07d33d80, 5;
v0x55ac07d33d80_6 .array/port v0x55ac07d33d80, 6;
E_0x55ac07d0d6a0/1 .event anyedge, v0x55ac07d33d80_3, v0x55ac07d33d80_4, v0x55ac07d33d80_5, v0x55ac07d33d80_6;
v0x55ac07d33d80_7 .array/port v0x55ac07d33d80, 7;
v0x55ac07d336e0_0 .array/port v0x55ac07d336e0, 0;
v0x55ac07d336e0_1 .array/port v0x55ac07d336e0, 1;
v0x55ac07d336e0_2 .array/port v0x55ac07d336e0, 2;
E_0x55ac07d0d6a0/2 .event anyedge, v0x55ac07d33d80_7, v0x55ac07d336e0_0, v0x55ac07d336e0_1, v0x55ac07d336e0_2;
v0x55ac07d336e0_3 .array/port v0x55ac07d336e0, 3;
v0x55ac07d336e0_4 .array/port v0x55ac07d336e0, 4;
v0x55ac07d336e0_5 .array/port v0x55ac07d336e0, 5;
v0x55ac07d336e0_6 .array/port v0x55ac07d336e0, 6;
E_0x55ac07d0d6a0/3 .event anyedge, v0x55ac07d336e0_3, v0x55ac07d336e0_4, v0x55ac07d336e0_5, v0x55ac07d336e0_6;
v0x55ac07d336e0_7 .array/port v0x55ac07d336e0, 7;
v0x55ac07d32c30_0 .array/port v0x55ac07d32c30, 0;
v0x55ac07d32c30_1 .array/port v0x55ac07d32c30, 1;
v0x55ac07d32c30_2 .array/port v0x55ac07d32c30, 2;
E_0x55ac07d0d6a0/4 .event anyedge, v0x55ac07d336e0_7, v0x55ac07d32c30_0, v0x55ac07d32c30_1, v0x55ac07d32c30_2;
v0x55ac07d32c30_3 .array/port v0x55ac07d32c30, 3;
v0x55ac07d32c30_4 .array/port v0x55ac07d32c30, 4;
v0x55ac07d32c30_5 .array/port v0x55ac07d32c30, 5;
v0x55ac07d32c30_6 .array/port v0x55ac07d32c30, 6;
E_0x55ac07d0d6a0/5 .event anyedge, v0x55ac07d32c30_3, v0x55ac07d32c30_4, v0x55ac07d32c30_5, v0x55ac07d32c30_6;
v0x55ac07d32c30_7 .array/port v0x55ac07d32c30, 7;
v0x55ac07d33110_0 .array/port v0x55ac07d33110, 0;
v0x55ac07d33110_1 .array/port v0x55ac07d33110, 1;
v0x55ac07d33110_2 .array/port v0x55ac07d33110, 2;
E_0x55ac07d0d6a0/6 .event anyedge, v0x55ac07d32c30_7, v0x55ac07d33110_0, v0x55ac07d33110_1, v0x55ac07d33110_2;
v0x55ac07d33110_3 .array/port v0x55ac07d33110, 3;
v0x55ac07d33110_4 .array/port v0x55ac07d33110, 4;
v0x55ac07d33110_5 .array/port v0x55ac07d33110, 5;
v0x55ac07d33110_6 .array/port v0x55ac07d33110, 6;
E_0x55ac07d0d6a0/7 .event anyedge, v0x55ac07d33110_3, v0x55ac07d33110_4, v0x55ac07d33110_5, v0x55ac07d33110_6;
v0x55ac07d33110_7 .array/port v0x55ac07d33110, 7;
E_0x55ac07d0d6a0/8 .event anyedge, v0x55ac07d33110_7;
E_0x55ac07d0d6a0 .event/or E_0x55ac07d0d6a0/0, E_0x55ac07d0d6a0/1, E_0x55ac07d0d6a0/2, E_0x55ac07d0d6a0/3, E_0x55ac07d0d6a0/4, E_0x55ac07d0d6a0/5, E_0x55ac07d0d6a0/6, E_0x55ac07d0d6a0/7, E_0x55ac07d0d6a0/8;
E_0x55ac07d10620 .event posedge, v0x55ac07cc9760_0;
S_0x55ac07d34310 .scope task, "display_status" "display_status" 2 55, 2 55 0, S_0x55ac07d0c560;
 .timescale -9 -12;
v0x55ac07d34510_0 .var "i", 1 0;
TD_cache_array_tb.display_status ;
    %vpi_call 2 56 "$display", "T=%0t | index=%0d | V0=%b V1=%b | Tag0=%h Tag1=%h | Data0=%h Data1=%h | D0=%b D1=%b", $time, v0x55ac07d34510_0, v0x55ac07d34fc0_0, v0x55ac07d35090_0, v0x55ac07d34d50_0, v0x55ac07d34e20_0, v0x55ac07d346b0_0, v0x55ac07d34750_0, v0x55ac07d34920_0, v0x55ac07d34a10_0 {0 0 0};
    %end;
    .scope S_0x55ac07d0c6f0;
T_1 ;
    %wait E_0x55ac07d10620;
    %load/vec4 v0x55ac07d34030_0;
    %flag_set/vec4 8;
    %jmp/0xz  T_1.0, 8;
    %load/vec4 v0x55ac07d33cc0_0;
    %load/vec4 v0x55ac07d33540_0;
    %pad/u 6;
    %pad/u 7;
    %muli 2, 0, 7;
    %pad/u 8;
    %load/vec4 v0x55ac07d33f70_0;
    %pad/u 3;
    %pad/u 8;
    %add;
    %ix/vec4 3;
    %ix/load 4, 0, 0; Constant delay
    %assign/vec4/a/d v0x55ac07d33d80, 0, 4;
    %load/vec4 v0x55ac07d33a60_0;
    %load/vec4 v0x55ac07d33540_0;
    %pad/u 6;
    %pad/u 7;
    %muli 2, 0, 7;
    %pad/u 8;
    %load/vec4 v0x55ac07d33f70_0;
    %pad/u 3;
    %pad/u 8;
    %add;
    %ix/vec4 3;
    %ix/load 4, 0, 0; Constant delay
    %assign/vec4/a/d v0x55ac07d336e0, 0, 4;
    %load/vec4 v0x55ac07d32fe0_0;
    %load/vec4 v0x55ac07d33540_0;
    %pad/u 6;
    %pad/u 7;
    %muli 2, 0, 7;
    %pad/u 8;
    %load/vec4 v0x55ac07d33f70_0;
    %pad/u 3;
    %pad/u 8;
    %add;
    %ix/vec4 3;
    %ix/load 4, 0, 0; Constant delay
    %assign/vec4/a/d v0x55ac07d32c30, 0, 4;
    %load/vec4 v0x55ac07d33480_0;
    %load/vec4 v0x55ac07d33540_0;
    %pad/u 6;
    %pad/u 7;
    %muli 2, 0, 7;
    %pad/u 8;
    %load/vec4 v0x55ac07d33f70_0;
    %pad/u 3;
    %pad/u 8;
    %add;
    %ix/vec4 3;
    %ix/load 4, 0, 0; Constant delay
    %assign/vec4/a/d v0x55ac07d33110, 0, 4;
T_1.0 ;
    %load/vec4 v0x55ac07d33620_0;
    %flag_set/vec4 8;
    %jmp/0xz  T_1.2, 8;
    %pushi/vec4 0, 0, 1;
    %ix/load 3, 0, 0;
    %flag_set/imm 4, 0;
    %ix/load 4, 0, 0; Constant delay
    %assign/vec4/a/d v0x55ac07d33d80, 0, 4;
    %pushi/vec4 0, 0, 1;
    %ix/load 3, 1, 0;
    %flag_set/imm 4, 0;
    %ix/load 4, 0, 0; Constant delay
    %assign/vec4/a/d v0x55ac07d33d80, 0, 4;
    %pushi/vec4 0, 0, 1;
    %ix/load 3, 2, 0;
    %flag_set/imm 4, 0;
    %ix/load 4, 0, 0; Constant delay
    %assign/vec4/a/d v0x55ac07d33d80, 0, 4;
    %pushi/vec4 0, 0, 1;
    %ix/load 3, 3, 0;
    %flag_set/imm 4, 0;
    %ix/load 4, 0, 0; Constant delay
    %assign/vec4/a/d v0x55ac07d33d80, 0, 4;
    %pushi/vec4 0, 0, 1;
    %ix/load 3, 4, 0;
    %flag_set/imm 4, 0;
    %ix/load 4, 0, 0; Constant delay
    %assign/vec4/a/d v0x55ac07d33d80, 0, 4;
    %pushi/vec4 0, 0, 1;
    %ix/load 3, 5, 0;
    %flag_set/imm 4, 0;
    %ix/load 4, 0, 0; Constant delay
    %assign/vec4/a/d v0x55ac07d33d80, 0, 4;
    %pushi/vec4 0, 0, 1;
    %ix/load 3, 6, 0;
    %flag_set/imm 4, 0;
    %ix/load 4, 0, 0; Constant delay
    %assign/vec4/a/d v0x55ac07d33d80, 0, 4;
    %pushi/vec4 0, 0, 1;
    %ix/load 3, 7, 0;
    %flag_set/imm 4, 0;
    %ix/load 4, 0, 0; Constant delay
    %assign/vec4/a/d v0x55ac07d33d80, 0, 4;
T_1.2 ;
    %jmp T_1;
    .thread T_1;
    .scope S_0x55ac07d0c6f0;
T_2 ;
    %wait E_0x55ac07d0d6a0;
    %load/vec4 v0x55ac07d33540_0;
    %pad/u 6;
    %pad/u 7;
    %muli 2, 0, 7;
    %ix/vec4 4;
    %load/vec4a v0x55ac07d33d80, 4;
    %store/vec4 v0x55ac07d33b40_0, 0, 1;
    %load/vec4 v0x55ac07d33540_0;
    %pad/u 6;
    %pad/u 7;
    %muli 2, 0, 7;
    %pad/u 8;
    %pushi/vec4 1, 0, 2;
    %pad/s 8;
    %add;
    %ix/vec4 4;
    %load/vec4a v0x55ac07d33d80, 4;
    %store/vec4 v0x55ac07d33c00_0, 0, 1;
    %load/vec4 v0x55ac07d33540_0;
    %pad/u 6;
    %pad/u 7;
    %muli 2, 0, 7;
    %ix/vec4 4;
    %load/vec4a v0x55ac07d336e0, 4;
    %store/vec4 v0x55ac07d338a0_0, 0, 28;
    %load/vec4 v0x55ac07d33540_0;
    %pad/u 6;
    %pad/u 7;
    %muli 2, 0, 7;
    %pad/u 8;
    %pushi/vec4 1, 0, 2;
    %pad/s 8;
    %add;
    %ix/vec4 4;
    %load/vec4a v0x55ac07d336e0, 4;
    %store/vec4 v0x55ac07d33980_0, 0, 28;
    %load/vec4 v0x55ac07d33540_0;
    %pad/u 6;
    %pad/u 7;
    %muli 2, 0, 7;
    %ix/vec4 4;
    %load/vec4a v0x55ac07d32c30, 4;
    %store/vec4 v0x55ac07d32e40_0, 0, 32;
    %load/vec4 v0x55ac07d33540_0;
    %pad/u 6;
    %pad/u 7;
    %muli 2, 0, 7;
    %pad/u 8;
    %pushi/vec4 1, 0, 2;
    %pad/s 8;
    %add;
    %ix/vec4 4;
    %load/vec4a v0x55ac07d32c30, 4;
    %store/vec4 v0x55ac07d32f00_0, 0, 32;
    %load/vec4 v0x55ac07d33540_0;
    %pad/u 6;
    %pad/u 7;
    %muli 2, 0, 7;
    %ix/vec4 4;
    %load/vec4a v0x55ac07d33110, 4;
    %store/vec4 v0x55ac07d33300_0, 0, 1;
    %load/vec4 v0x55ac07d33540_0;
    %pad/u 6;
    %pad/u 7;
    %muli 2, 0, 7;
    %pad/u 8;
    %pushi/vec4 1, 0, 2;
    %pad/s 8;
    %add;
    %ix/vec4 4;
    %load/vec4a v0x55ac07d33110, 4;
    %store/vec4 v0x55ac07d333c0_0, 0, 1;
    %jmp T_2;
    .thread T_2, $push;
    .scope S_0x55ac07d0c560;
T_3 ;
    %vpi_call 2 45 "$dumpfile", "cache_array_tb.vcd" {0 0 0};
    %vpi_call 2 46 "$dumpvars", 32'sb00000000000000000000000000000000, S_0x55ac07d0c560 {0 0 0};
    %end;
    .thread T_3;
    .scope S_0x55ac07d0c560;
T_4 ;
    %pushi/vec4 0, 0, 1;
    %store/vec4 v0x55ac07d345f0_0, 0, 1;
T_4.0 ;
    %delay 5000, 0;
    %load/vec4 v0x55ac07d345f0_0;
    %inv;
    %store/vec4 v0x55ac07d345f0_0, 0, 1;
    %jmp T_4.0;
    %end;
    .thread T_4;
    .scope S_0x55ac07d0c560;
T_5 ;
    %pushi/vec4 1, 0, 1;
    %store/vec4 v0x55ac07d34c80_0, 0, 1;
    %pushi/vec4 0, 0, 1;
    %store/vec4 v0x55ac07d35300_0, 0, 1;
    %pushi/vec4 0, 0, 1;
    %store/vec4 v0x55ac07d35160_0, 0, 1;
    %pushi/vec4 0, 0, 1;
    %store/vec4 v0x55ac07d34ae0_0, 0, 1;
    %pushi/vec4 0, 0, 28;
    %store/vec4 v0x55ac07d34ef0_0, 0, 28;
    %pushi/vec4 0, 0, 32;
    %store/vec4 v0x55ac07d34850_0, 0, 32;
    %pushi/vec4 0, 0, 2;
    %store/vec4 v0x55ac07d34bb0_0, 0, 2;
    %pushi/vec4 0, 0, 1;
    %store/vec4 v0x55ac07d35230_0, 0, 1;
    %delay 12000, 0;
    %pushi/vec4 0, 0, 1;
    %store/vec4 v0x55ac07d34c80_0, 0, 1;
    %pushi/vec4 0, 0, 2;
    %store/vec4 v0x55ac07d34bb0_0, 0, 2;
    %pushi/vec4 0, 0, 1;
    %store/vec4 v0x55ac07d35230_0, 0, 1;
    %pushi/vec4 178956970, 0, 28;
    %store/vec4 v0x55ac07d34ef0_0, 0, 28;
    %pushi/vec4 286331153, 0, 32;
    %store/vec4 v0x55ac07d34850_0, 0, 32;
    %pushi/vec4 1, 0, 1;
    %store/vec4 v0x55ac07d35160_0, 0, 1;
    %pushi/vec4 1, 0, 1;
    %store/vec4 v0x55ac07d34ae0_0, 0, 1;
    %pushi/vec4 1, 0, 1;
    %store/vec4 v0x55ac07d35300_0, 0, 1;
    %delay 10000, 0;
    %pushi/vec4 0, 0, 1;
    %store/vec4 v0x55ac07d35300_0, 0, 1;
    %load/vec4 v0x55ac07d34bb0_0;
    %store/vec4 v0x55ac07d34510_0, 0, 2;
    %fork TD_cache_array_tb.display_status, S_0x55ac07d34310;
    %join;
    %pushi/vec4 0, 0, 2;
    %store/vec4 v0x55ac07d34bb0_0, 0, 2;
    %pushi/vec4 1, 0, 1;
    %store/vec4 v0x55ac07d35230_0, 0, 1;
    %pushi/vec4 196852667, 0, 28;
    %store/vec4 v0x55ac07d34ef0_0, 0, 28;
    %pushi/vec4 572662306, 0, 32;
    %store/vec4 v0x55ac07d34850_0, 0, 32;
    %pushi/vec4 1, 0, 1;
    %store/vec4 v0x55ac07d35160_0, 0, 1;
    %pushi/vec4 0, 0, 1;
    %store/vec4 v0x55ac07d34ae0_0, 0, 1;
    %pushi/vec4 1, 0, 1;
    %store/vec4 v0x55ac07d35300_0, 0, 1;
    %delay 10000, 0;
    %pushi/vec4 0, 0, 1;
    %store/vec4 v0x55ac07d35300_0, 0, 1;
    %load/vec4 v0x55ac07d34bb0_0;
    %store/vec4 v0x55ac07d34510_0, 0, 2;
    %fork TD_cache_array_tb.display_status, S_0x55ac07d34310;
    %join;
    %pushi/vec4 1, 0, 2;
    %store/vec4 v0x55ac07d34bb0_0, 0, 2;
    %pushi/vec4 1, 0, 1;
    %store/vec4 v0x55ac07d35230_0, 0, 1;
    %pushi/vec4 214748364, 0, 28;
    %store/vec4 v0x55ac07d34ef0_0, 0, 28;
    %pushi/vec4 858993459, 0, 32;
    %store/vec4 v0x55ac07d34850_0, 0, 32;
    %pushi/vec4 1, 0, 1;
    %store/vec4 v0x55ac07d35160_0, 0, 1;
    %pushi/vec4 1, 0, 1;
    %store/vec4 v0x55ac07d34ae0_0, 0, 1;
    %pushi/vec4 1, 0, 1;
    %store/vec4 v0x55ac07d35300_0, 0, 1;
    %delay 10000, 0;
    %pushi/vec4 0, 0, 1;
    %store/vec4 v0x55ac07d35300_0, 0, 1;
    %load/vec4 v0x55ac07d34bb0_0;
    %store/vec4 v0x55ac07d34510_0, 0, 2;
    %fork TD_cache_array_tb.display_status, S_0x55ac07d34310;
    %join;
    %pushi/vec4 0, 0, 2;
    %store/vec4 v0x55ac07d34bb0_0, 0, 2;
    %delay 10000, 0;
    %load/vec4 v0x55ac07d34bb0_0;
    %store/vec4 v0x55ac07d34510_0, 0, 2;
    %fork TD_cache_array_tb.display_status, S_0x55ac07d34310;
    %join;
    %pushi/vec4 1, 0, 2;
    %store/vec4 v0x55ac07d34bb0_0, 0, 2;
    %delay 10000, 0;
    %load/vec4 v0x55ac07d34bb0_0;
    %store/vec4 v0x55ac07d34510_0, 0, 2;
    %fork TD_cache_array_tb.display_status, S_0x55ac07d34310;
    %join;
    %vpi_call 2 93 "$finish" {0 0 0};
    %end;
    .thread T_5;
# The file index is used to find the file name in the following table.
:file_names 4;
    "N/A";
    "<interactive>";
    "cache_array_tb.v";
    "../cache/cache_array.v";
