#! /usr/bin/vvp
:ivl_version "12.0 (stable)";
:ivl_delay_selection "TYPICAL";
:vpi_time_precision - 12;
:vpi_module "/usr/lib/x86_64-linux-gnu/ivl/system.vpi";
:vpi_module "/usr/lib/x86_64-linux-gnu/ivl/vhdl_sys.vpi";
:vpi_module "/usr/lib/x86_64-linux-gnu/ivl/vhdl_textio.vpi";
:vpi_module "/usr/lib/x86_64-linux-gnu/ivl/v2005_math.vpi";
:vpi_module "/usr/lib/x86_64-linux-gnu/ivl/va_math.vpi";
S_0x55ba01dbea60 .scope module, "Data_multiplexer_tb" "Data_multiplexer_tb" 2 3;
 .timescale -9 -12;
v0x55ba01dd2180_0 .var "clk", 0 0;
v0x55ba01dd2240_0 .net "data", 31 0, v0x55ba01dd1d20_0;  1 drivers
v0x55ba01dd2310_0 .var "data_way0", 31 0;
v0x55ba01dd2410_0 .var "data_way1", 31 0;
v0x55ba01dd24e0_0 .var "hit1", 0 0;
S_0x55ba01dbebf0 .scope task, "display_status" "display_status" 2 24, 2 24 0, S_0x55ba01dbea60;
 .timescale -9 -12;
TD_Data_multiplexer_tb.display_status ;
    %vpi_call 2 25 "$display", "T=%0t | hit1 = %b | data = %h", $time, v0x55ba01dd24e0_0, v0x55ba01dd2240_0 {0 0 0};
    %end;
S_0x55ba01d834c0 .scope module, "uut" "Data_multiplexer" 2 10, 3 1 0, S_0x55ba01dbea60;
 .timescale -9 -12;
    .port_info 0 /INPUT 1 "clk";
    .port_info 1 /INPUT 32 "data_way0";
    .port_info 2 /INPUT 32 "data_way1";
    .port_info 3 /INPUT 1 "hit1";
    .port_info 4 /OUTPUT 32 "data";
v0x55ba01d836c0_0 .net "clk", 0 0, v0x55ba01dd2180_0;  1 drivers
v0x55ba01dd1d20_0 .var "data", 31 0;
v0x55ba01dd1e00_0 .net "data_way0", 31 0, v0x55ba01dd2310_0;  1 drivers
v0x55ba01dd1ef0_0 .net "data_way1", 31 0, v0x55ba01dd2410_0;  1 drivers
v0x55ba01dd1fd0_0 .net "hit1", 0 0, v0x55ba01dd24e0_0;  1 drivers
E_0x55ba01dbffa0 .event posedge, v0x55ba01d836c0_0;
    .scope S_0x55ba01d834c0;
T_1 ;
    %wait E_0x55ba01dbffa0;
    %load/vec4 v0x55ba01dd1fd0_0;
    %pad/u 32;
    %cmpi/e 0, 0, 32;
    %jmp/0xz  T_1.0, 4;
    %load/vec4 v0x55ba01dd1e00_0;
    %store/vec4 v0x55ba01dd1d20_0, 0, 32;
    %jmp T_1.1;
T_1.0 ;
    %load/vec4 v0x55ba01dd1ef0_0;
    %store/vec4 v0x55ba01dd1d20_0, 0, 32;
T_1.1 ;
    %jmp T_1;
    .thread T_1;
    .scope S_0x55ba01dbea60;
T_2 ;
    %pushi/vec4 0, 0, 1;
    %store/vec4 v0x55ba01dd2180_0, 0, 1;
T_2.0 ;
    %delay 5000, 0;
    %load/vec4 v0x55ba01dd2180_0;
    %inv;
    %store/vec4 v0x55ba01dd2180_0, 0, 1;
    %jmp T_2.0;
    %end;
    .thread T_2;
    .scope S_0x55ba01dbea60;
T_3 ;
    %pushi/vec4 0, 0, 1;
    %store/vec4 v0x55ba01dd24e0_0, 0, 1;
    %pushi/vec4 305419896, 0, 32;
    %store/vec4 v0x55ba01dd2410_0, 0, 32;
    %pushi/vec4 572662306, 0, 32;
    %store/vec4 v0x55ba01dd2310_0, 0, 32;
    %delay 10000, 0;
    %fork TD_Data_multiplexer_tb.display_status, S_0x55ba01dbebf0;
    %join;
    %pushi/vec4 1, 0, 1;
    %store/vec4 v0x55ba01dd24e0_0, 0, 1;
    %delay 10000, 0;
    %fork TD_Data_multiplexer_tb.display_status, S_0x55ba01dbebf0;
    %join;
    %vpi_call 2 39 "$finish" {0 0 0};
    %end;
    .thread T_3;
# The file index is used to find the file name in the following table.
:file_names 4;
    "N/A";
    "<interactive>";
    "Data_multiplexer_tb.v";
    "../cache/Data_multiplexer.v";
