#! /usr/bin/vvp
:ivl_version "12.0 (stable)";
:ivl_delay_selection "TYPICAL";
:vpi_time_precision - 12;
:vpi_module "/usr/lib/x86_64-linux-gnu/ivl/system.vpi";
:vpi_module "/usr/lib/x86_64-linux-gnu/ivl/vhdl_sys.vpi";
:vpi_module "/usr/lib/x86_64-linux-gnu/ivl/vhdl_textio.vpi";
:vpi_module "/usr/lib/x86_64-linux-gnu/ivl/v2005_math.vpi";
:vpi_module "/usr/lib/x86_64-linux-gnu/ivl/va_math.vpi";
S_0x559c2f1df4c0 .scope module, "Data_multiplexer_tb" "Data_multiplexer_tb" 2 2;
 .timescale -9 -12;
v0x559c2f1f2710_0 .var "clk", 0 0;
v0x559c2f1f27b0_0 .net "data", 31 0, v0x559c2f1f20b0_0;  1 drivers
v0x559c2f1f2880_0 .var "data_way0", 31 0;
v0x559c2f1f2980_0 .var "data_way1", 31 0;
v0x559c2f1f2a50_0 .var "hit1", 0 0;
S_0x559c2f1df650 .scope module, "Data_multiplexer" "Data_multiplexer" 2 8, 3 1 0, S_0x559c2f1df4c0;
 .timescale -9 -12;
    .port_info 0 /INPUT 1 "clk";
    .port_info 1 /INPUT 32 "data_way0";
    .port_info 2 /INPUT 32 "data_way1";
    .port_info 3 /INPUT 1 "hit1";
    .port_info 4 /OUTPUT 32 "data";
v0x559c2f1a44c0_0 .net "clk", 0 0, v0x559c2f1f2710_0;  1 drivers
v0x559c2f1f20b0_0 .var "data", 31 0;
v0x559c2f1f2190_0 .net "data_way0", 31 0, v0x559c2f1f2880_0;  1 drivers
v0x559c2f1f2280_0 .net "data_way1", 31 0, v0x559c2f1f2980_0;  1 drivers
v0x559c2f1f2360_0 .net "hit1", 0 0, v0x559c2f1f2a50_0;  1 drivers
E_0x559c2f1e0a10 .event posedge, v0x559c2f1a44c0_0;
S_0x559c2f1f2510 .scope task, "display_status" "display_status" 2 19, 2 19 0, S_0x559c2f1df4c0;
 .timescale -9 -12;
TD_Data_multiplexer_tb.display_status ;
    %vpi_call 2 20 "$display", "T=%0t | data = %h |", $time, v0x559c2f1f27b0_0 {0 0 0};
    %end;
    .scope S_0x559c2f1df650;
T_1 ;
    %wait E_0x559c2f1e0a10;
    %load/vec4 v0x559c2f1f2360_0;
    %pad/u 32;
    %cmpi/e 0, 0, 32;
    %jmp/0xz  T_1.0, 4;
    %load/vec4 v0x559c2f1f2190_0;
    %store/vec4 v0x559c2f1f20b0_0, 0, 32;
    %jmp T_1.1;
T_1.0 ;
    %load/vec4 v0x559c2f1f2280_0;
    %store/vec4 v0x559c2f1f20b0_0, 0, 32;
T_1.1 ;
    %jmp T_1;
    .thread T_1;
    .scope S_0x559c2f1df4c0;
T_2 ;
    %pushi/vec4 0, 0, 1;
    %store/vec4 v0x559c2f1f2710_0, 0, 1;
T_2.0 ;
    %delay 5000, 0;
    %load/vec4 v0x559c2f1f2710_0;
    %inv;
    %store/vec4 v0x559c2f1f2710_0, 0, 1;
    %jmp T_2.0;
    %end;
    .thread T_2;
    .scope S_0x559c2f1df4c0;
T_3 ;
    %pushi/vec4 0, 0, 1;
    %store/vec4 v0x559c2f1f2a50_0, 0, 1;
    %pushi/vec4 305419896, 0, 32;
    %store/vec4 v0x559c2f1f2980_0, 0, 32;
    %pushi/vec4 572662306, 0, 32;
    %store/vec4 v0x559c2f1f2880_0, 0, 32;
    %fork TD_Data_multiplexer_tb.display_status, S_0x559c2f1f2510;
    %join;
    %vpi_call 2 28 "$finish" {0 0 0};
    %end;
    .thread T_3;
# The file index is used to find the file name in the following table.
:file_names 4;
    "N/A";
    "<interactive>";
    "Data_multiplexer_tb.v";
    "../cache/Data_multiplexer.v";
