#! /usr/bin/vvp
:ivl_version "12.0 (stable)";
:ivl_delay_selection "TYPICAL";
:vpi_time_precision + 0;
:vpi_module "/usr/lib/x86_64-linux-gnu/ivl/system.vpi";
:vpi_module "/usr/lib/x86_64-linux-gnu/ivl/vhdl_sys.vpi";
:vpi_module "/usr/lib/x86_64-linux-gnu/ivl/vhdl_textio.vpi";
:vpi_module "/usr/lib/x86_64-linux-gnu/ivl/v2005_math.vpi";
:vpi_module "/usr/lib/x86_64-linux-gnu/ivl/va_math.vpi";
S_0x5585696bbee0 .scope module, "fetch_tb" "fetch_tb" 2 2;
 .timescale 0 0;
v0x5585696d2470_0 .var "clk", 0 0;
v0x5585696d2530_0 .var "next_pc_select", 0 0;
v0x5585696d2600_0 .net "pc", 15 0, v0x5585696d20f0_0;  1 drivers
v0x5585696d2700_0 .var "pc_target", 15 0;
v0x5585696d27d0_0 .var "rst", 0 0;
S_0x5585696bc070 .scope module, "fetch" "fetch" 2 8, 3 3 0, S_0x5585696bbee0;
 .timescale 0 0;
    .port_info 0 /INPUT 1 "clk";
    .port_info 1 /INPUT 1 "rst";
    .port_info 2 /INPUT 1 "next_pc_select";
    .port_info 3 /INPUT 16 "pc_target";
    .port_info 4 /OUTPUT 16 "pc";
v0x558569681490_0 .net "clk", 0 0, v0x5585696d2470_0;  1 drivers
v0x5585696d2030_0 .net "next_pc_select", 0 0, v0x5585696d2530_0;  1 drivers
v0x5585696d20f0_0 .var "pc", 15 0;
v0x5585696d21e0_0 .net "pc_target", 15 0, v0x5585696d2700_0;  1 drivers
v0x5585696d22c0_0 .net "rst", 0 0, v0x5585696d27d0_0;  1 drivers
E_0x5585696ba380 .event posedge, v0x558569681490_0;
    .scope S_0x5585696bc070;
T_0 ;
    %wait E_0x5585696ba380;
    %load/vec4 v0x5585696d22c0_0;
    %flag_set/vec4 8;
    %jmp/0xz  T_0.0, 8;
    %pushi/vec4 0, 0, 16;
    %assign/vec4 v0x5585696d20f0_0, 0;
    %jmp T_0.1;
T_0.0 ;
    %load/vec4 v0x5585696d2030_0;
    %flag_set/vec4 8;
    %jmp/0xz  T_0.2, 8;
    %load/vec4 v0x5585696d21e0_0;
    %assign/vec4 v0x5585696d20f0_0, 0;
    %jmp T_0.3;
T_0.2 ;
    %load/vec4 v0x5585696d20f0_0;
    %addi 4, 0, 16;
    %assign/vec4 v0x5585696d20f0_0, 0;
T_0.3 ;
T_0.1 ;
    %jmp T_0;
    .thread T_0;
    .scope S_0x5585696bbee0;
T_1 ;
    %pushi/vec4 0, 0, 1;
    %store/vec4 v0x5585696d2470_0, 0, 1;
T_1.0 ;
    %delay 5, 0;
    %load/vec4 v0x5585696d2470_0;
    %inv;
    %store/vec4 v0x5585696d2470_0, 0, 1;
    %jmp T_1.0;
    %end;
    .thread T_1;
    .scope S_0x5585696bbee0;
T_2 ;
    %pushi/vec4 1, 0, 1;
    %store/vec4 v0x5585696d2470_0, 0, 1;
    %pushi/vec4 1, 0, 1;
    %store/vec4 v0x5585696d27d0_0, 0, 1;
    %pushi/vec4 0, 0, 1;
    %store/vec4 v0x5585696d2530_0, 0, 1;
    %pushi/vec4 0, 0, 16;
    %store/vec4 v0x5585696d2700_0, 0, 16;
    %delay 1, 0;
    %delay 10, 0;
    %pushi/vec4 0, 0, 1;
    %store/vec4 v0x5585696d27d0_0, 0, 1;
    %delay 10, 0;
    %vpi_call 2 30 "$display", "PC: %h", v0x5585696d2600_0 {0 0 0};
    %delay 10, 0;
    %pushi/vec4 4112, 0, 16;
    %store/vec4 v0x5585696d2700_0, 0, 16;
    %pushi/vec4 0, 0, 1;
    %store/vec4 v0x5585696d2530_0, 0, 1;
    %delay 10, 0;
    %vpi_call 2 39 "$display", "PC: %h", v0x5585696d2600_0 {0 0 0};
    %delay 10, 0;
    %pushi/vec4 4113, 0, 16;
    %store/vec4 v0x5585696d2700_0, 0, 16;
    %pushi/vec4 1, 0, 1;
    %store/vec4 v0x5585696d2530_0, 0, 1;
    %delay 10, 0;
    %vpi_call 2 44 "$display", "PC: %h", v0x5585696d2600_0 {0 0 0};
    %delay 10, 0;
    %pushi/vec4 1, 0, 1;
    %store/vec4 v0x5585696d27d0_0, 0, 1;
    %pushi/vec4 4369, 0, 16;
    %store/vec4 v0x5585696d2700_0, 0, 16;
    %pushi/vec4 1, 0, 1;
    %store/vec4 v0x5585696d2530_0, 0, 1;
    %delay 10, 0;
    %vpi_call 2 50 "$display", "PC: %h", v0x5585696d2600_0 {0 0 0};
    %delay 10, 0;
    %pushi/vec4 0, 0, 1;
    %store/vec4 v0x5585696d27d0_0, 0, 1;
    %pushi/vec4 1, 0, 16;
    %store/vec4 v0x5585696d2700_0, 0, 16;
    %pushi/vec4 0, 0, 1;
    %store/vec4 v0x5585696d2530_0, 0, 1;
    %delay 10, 0;
    %vpi_call 2 56 "$display", "PC: %h", v0x5585696d2600_0 {0 0 0};
    %delay 100, 0;
    %vpi_call 2 58 "$finish" {0 0 0};
    %end;
    .thread T_2;
# The file index is used to find the file name in the following table.
:file_names 4;
    "N/A";
    "<interactive>";
    "fetch_tb.v";
    "../CPU/fetch.v";
