#! /usr/bin/vvp
:ivl_version "12.0 (stable)";
:ivl_delay_selection "TYPICAL";
:vpi_time_precision - 12;
:vpi_module "/usr/lib/x86_64-linux-gnu/ivl/system.vpi";
:vpi_module "/usr/lib/x86_64-linux-gnu/ivl/vhdl_sys.vpi";
:vpi_module "/usr/lib/x86_64-linux-gnu/ivl/vhdl_textio.vpi";
:vpi_module "/usr/lib/x86_64-linux-gnu/ivl/v2005_math.vpi";
:vpi_module "/usr/lib/x86_64-linux-gnu/ivl/va_math.vpi";
S_0x55def72b95d0 .scope module, "hit_tb" "hit_tb" 2 2;
 .timescale -9 -12;
v0x55def72d2750_0 .var "clk", 0 0;
v0x55def72d2810_0 .net "hit0", 0 0, v0x55def72d1e20_0;  1 drivers
v0x55def72d28e0_0 .net "hit1", 0 0, v0x55def72d1ee0_0;  1 drivers
v0x55def72d29e0_0 .net "hit_all", 0 0, v0x55def72d1f80_0;  1 drivers
v0x55def72d2ab0_0 .var "tag_memory", 27 0;
v0x55def72d2b50_0 .var "tag_way0", 27 0;
v0x55def72d2c20_0 .var "tag_way1", 27 0;
v0x55def72d2cf0_0 .var "v_way0", 0 0;
v0x55def72d2dc0_0 .var "v_way1", 0 0;
S_0x55def72b9760 .scope task, "display_status" "display_status" 2 31, 2 31 0, S_0x55def72b95d0;
 .timescale -9 -12;
TD_hit_tb.display_status ;
    %vpi_call 2 32 "$display", "T=%0t | hit0= %b | hit1= %b | hit_all = %b", $time, v0x55def72d2810_0, v0x55def72d28e0_0, v0x55def72d29e0_0 {0 0 0};
    %end;
S_0x55def727b490 .scope module, "hit" "hit" 2 13, 3 1 0, S_0x55def72b95d0;
 .timescale -9 -12;
    .port_info 0 /INPUT 1 "clk";
    .port_info 1 /INPUT 1 "v_way0";
    .port_info 2 /INPUT 1 "v_way1";
    .port_info 3 /INPUT 28 "tag_way0";
    .port_info 4 /INPUT 28 "tag_way1";
    .port_info 5 /INPUT 28 "tag_memory";
    .port_info 6 /OUTPUT 1 "hit0";
    .port_info 7 /OUTPUT 1 "hit1";
    .port_info 8 /OUTPUT 1 "hit_all";
v0x55def727b7a0_0 .net "clk", 0 0, v0x55def72d2750_0;  1 drivers
v0x55def72d1e20_0 .var "hit0", 0 0;
v0x55def72d1ee0_0 .var "hit1", 0 0;
v0x55def72d1f80_0 .var "hit_all", 0 0;
v0x55def72d2040_0 .var "jg0", 0 0;
v0x55def72d2150_0 .var "jg1", 0 0;
v0x55def72d2210_0 .net "tag_memory", 27 0, v0x55def72d2ab0_0;  1 drivers
v0x55def72d22f0_0 .net "tag_way0", 27 0, v0x55def72d2b50_0;  1 drivers
v0x55def72d23d0_0 .net "tag_way1", 27 0, v0x55def72d2c20_0;  1 drivers
v0x55def72d24b0_0 .net "v_way0", 0 0, v0x55def72d2cf0_0;  1 drivers
v0x55def72d2570_0 .net "v_way1", 0 0, v0x55def72d2dc0_0;  1 drivers
E_0x55def72ba4b0 .event posedge, v0x55def727b7a0_0;
    .scope S_0x55def727b490;
T_1 ;
    %wait E_0x55def72ba4b0;
    %pushi/vec4 0, 0, 1;
    %store/vec4 v0x55def72d2040_0, 0, 1;
    %pushi/vec4 0, 0, 1;
    %store/vec4 v0x55def72d2150_0, 0, 1;
    %load/vec4 v0x55def72d2210_0;
    %load/vec4 v0x55def72d22f0_0;
    %cmp/e;
    %jmp/0xz  T_1.0, 4;
    %pushi/vec4 1, 0, 1;
    %store/vec4 v0x55def72d2040_0, 0, 1;
T_1.0 ;
    %load/vec4 v0x55def72d2210_0;
    %load/vec4 v0x55def72d23d0_0;
    %cmp/e;
    %jmp/0xz  T_1.2, 4;
    %pushi/vec4 1, 0, 1;
    %store/vec4 v0x55def72d2150_0, 0, 1;
T_1.2 ;
    %load/vec4 v0x55def72d2570_0;
    %load/vec4 v0x55def72d2150_0;
    %and;
    %store/vec4 v0x55def72d1ee0_0, 0, 1;
    %load/vec4 v0x55def72d24b0_0;
    %load/vec4 v0x55def72d2040_0;
    %and;
    %store/vec4 v0x55def72d1e20_0, 0, 1;
    %load/vec4 v0x55def72d1e20_0;
    %load/vec4 v0x55def72d1ee0_0;
    %or;
    %store/vec4 v0x55def72d1f80_0, 0, 1;
    %jmp T_1;
    .thread T_1;
    .scope S_0x55def72b95d0;
T_2 ;
    %pushi/vec4 0, 0, 1;
    %store/vec4 v0x55def72d2750_0, 0, 1;
T_2.0 ;
    %delay 5000, 0;
    %load/vec4 v0x55def72d2750_0;
    %inv;
    %store/vec4 v0x55def72d2750_0, 0, 1;
    %jmp T_2.0;
    %end;
    .thread T_2;
    .scope S_0x55def72b95d0;
T_3 ;
    %vpi_call 2 37 "$display", "\012--- [Test 1] tag_way0 = tag_memory, way0 valid ---" {0 0 0};
    %pushi/vec4 1, 0, 1;
    %store/vec4 v0x55def72d2cf0_0, 0, 1;
    %pushi/vec4 0, 0, 1;
    %store/vec4 v0x55def72d2dc0_0, 0, 1;
    %pushi/vec4 162254319, 0, 28;
    %store/vec4 v0x55def72d2b50_0, 0, 28;
    %pushi/vec4 159038686, 0, 28;
    %store/vec4 v0x55def72d2c20_0, 0, 28;
    %pushi/vec4 162254319, 0, 28;
    %store/vec4 v0x55def72d2ab0_0, 0, 28;
    %delay 10000, 0;
    %fork TD_hit_tb.display_status, S_0x55def72b9760;
    %join;
    %vpi_call 2 45 "$display", "\012--- [Test 2] tag_way1 = tag_memory, both valid ---" {0 0 0};
    %pushi/vec4 1, 0, 1;
    %store/vec4 v0x55def72d2cf0_0, 0, 1;
    %pushi/vec4 1, 0, 1;
    %store/vec4 v0x55def72d2dc0_0, 0, 1;
    %pushi/vec4 162254319, 0, 28;
    %store/vec4 v0x55def72d2c20_0, 0, 28;
    %delay 10000, 0;
    %fork TD_hit_tb.display_status, S_0x55def72b9760;
    %join;
    %vpi_call 2 51 "$display", "\012--- [Test 3] both tag mismatch ---" {0 0 0};
    %pushi/vec4 1, 0, 1;
    %store/vec4 v0x55def72d2cf0_0, 0, 1;
    %pushi/vec4 1, 0, 1;
    %store/vec4 v0x55def72d2dc0_0, 0, 1;
    %pushi/vec4 178956970, 0, 28;
    %store/vec4 v0x55def72d2b50_0, 0, 28;
    %pushi/vec4 196852667, 0, 28;
    %store/vec4 v0x55def72d2c20_0, 0, 28;
    %pushi/vec4 214748364, 0, 28;
    %store/vec4 v0x55def72d2ab0_0, 0, 28;
    %delay 10000, 0;
    %fork TD_hit_tb.display_status, S_0x55def72b9760;
    %join;
    %vpi_call 2 59 "$display", "\012--- [Test 4] way0 invalid but tag match ---" {0 0 0};
    %pushi/vec4 0, 0, 1;
    %store/vec4 v0x55def72d2cf0_0, 0, 1;
    %load/vec4 v0x55def72d2ab0_0;
    %store/vec4 v0x55def72d2b50_0, 0, 28;
    %delay 10000, 0;
    %fork TD_hit_tb.display_status, S_0x55def72b9760;
    %join;
    %vpi_call 2 64 "$finish" {0 0 0};
    %end;
    .thread T_3;
# The file index is used to find the file name in the following table.
:file_names 4;
    "N/A";
    "<interactive>";
    "hit_tb.v";
    "../cache/hit.v";
