#! /usr/bin/vvp
:ivl_version "12.0 (stable)";
:ivl_delay_selection "TYPICAL";
:vpi_time_precision + 0;
:vpi_module "/usr/lib/x86_64-linux-gnu/ivl/system.vpi";
:vpi_module "/usr/lib/x86_64-linux-gnu/ivl/vhdl_sys.vpi";
:vpi_module "/usr/lib/x86_64-linux-gnu/ivl/vhdl_textio.vpi";
:vpi_module "/usr/lib/x86_64-linux-gnu/ivl/v2005_math.vpi";
:vpi_module "/usr/lib/x86_64-linux-gnu/ivl/va_math.vpi";
S_0x55f20f7c1030 .scope module, "lru_tb" "lru_tb" 2 1;
 .timescale 0 0;
v0x55f20f7ea9b0_0 .var "clk", 0 0;
v0x55f20f7eaa70_0 .var "hit0", 0 0;
v0x55f20f7eab40_0 .var "hit1", 0 0;
v0x55f20f7eac40_0 .var "index", 1 0;
v0x55f20f7ead10_0 .var "rst", 0 0;
v0x55f20f7eadb0_0 .var "update_en", 0 0;
v0x55f20f7eae80_0 .net "victim_way", 0 0, L_0x55f20f7eb0a0;  1 drivers
S_0x55f20f7d2990 .scope module, "lru" "lru" 2 10, 3 1 0, S_0x55f20f7c1030;
 .timescale 0 0;
    .port_info 0 /INPUT 1 "clk";
    .port_info 1 /INPUT 1 "rst";
    .port_info 2 /INPUT 2 "index";
    .port_info 3 /INPUT 1 "update_en";
    .port_info 4 /INPUT 1 "hit0";
    .port_info 5 /INPUT 1 "hit1";
    .port_info 6 /OUTPUT 1 "victim_way";
L_0x55f20f7eb0a0 .functor NOT 1, L_0x55f20f7eaf50, C4<0>, C4<0>, C4<0>;
v0x55f20f7d2c40_0 .net *"_ivl_1", 0 0, L_0x55f20f7eaf50;  1 drivers
v0x55f20f7ea260_0 .net "clk", 0 0, v0x55f20f7ea9b0_0;  1 drivers
v0x55f20f7ea320_0 .net "hit0", 0 0, v0x55f20f7eaa70_0;  1 drivers
v0x55f20f7ea3c0_0 .net "hit1", 0 0, v0x55f20f7eab40_0;  1 drivers
v0x55f20f7ea480_0 .net "index", 1 0, v0x55f20f7eac40_0;  1 drivers
v0x55f20f7ea5b0_0 .var "lru_bit", 3 0;
v0x55f20f7ea690_0 .net "rst", 0 0, v0x55f20f7ead10_0;  1 drivers
v0x55f20f7ea750_0 .net "update_en", 0 0, v0x55f20f7eadb0_0;  1 drivers
v0x55f20f7ea810_0 .net "victim_way", 0 0, L_0x55f20f7eb0a0;  alias, 1 drivers
E_0x55f20f7d3fd0 .event posedge, v0x55f20f7ea260_0;
L_0x55f20f7eaf50 .part/v v0x55f20f7ea5b0_0, v0x55f20f7eac40_0, 1;
    .scope S_0x55f20f7d2990;
T_0 ;
    %wait E_0x55f20f7d3fd0;
    %load/vec4 v0x55f20f7ea690_0;
    %flag_set/vec4 8;
    %jmp/0xz  T_0.0, 8;
    %pushi/vec4 0, 0, 1;
    %ix/load 4, 0, 0;
    %ix/load 5, 0, 0;
    %flag_set/imm 4, 0;
    %assign/vec4/off/d v0x55f20f7ea5b0_0, 4, 5;
    %pushi/vec4 0, 0, 1;
    %ix/load 4, 1, 0;
    %ix/load 5, 0, 0;
    %flag_set/imm 4, 0;
    %assign/vec4/off/d v0x55f20f7ea5b0_0, 4, 5;
    %pushi/vec4 0, 0, 1;
    %ix/load 4, 2, 0;
    %ix/load 5, 0, 0;
    %flag_set/imm 4, 0;
    %assign/vec4/off/d v0x55f20f7ea5b0_0, 4, 5;
    %pushi/vec4 0, 0, 1;
    %ix/load 4, 3, 0;
    %ix/load 5, 0, 0;
    %flag_set/imm 4, 0;
    %assign/vec4/off/d v0x55f20f7ea5b0_0, 4, 5;
    %jmp T_0.1;
T_0.0 ;
    %load/vec4 v0x55f20f7ea750_0;
    %flag_set/vec4 8;
    %jmp/0xz  T_0.2, 8;
    %load/vec4 v0x55f20f7ea320_0;
    %flag_set/vec4 8;
    %jmp/0xz  T_0.4, 8;
    %pushi/vec4 0, 0, 1;
    %ix/load 5, 0, 0;
    %ix/getv 4, v0x55f20f7ea480_0;
    %assign/vec4/off/d v0x55f20f7ea5b0_0, 4, 5;
    %jmp T_0.5;
T_0.4 ;
    %load/vec4 v0x55f20f7ea3c0_0;
    %flag_set/vec4 8;
    %jmp/0xz  T_0.6, 8;
    %pushi/vec4 1, 0, 1;
    %ix/load 5, 0, 0;
    %ix/getv 4, v0x55f20f7ea480_0;
    %assign/vec4/off/d v0x55f20f7ea5b0_0, 4, 5;
T_0.6 ;
T_0.5 ;
T_0.2 ;
T_0.1 ;
    %jmp T_0;
    .thread T_0;
    .scope S_0x55f20f7c1030;
T_1 ;
    %pushi/vec4 0, 0, 1;
    %store/vec4 v0x55f20f7ea9b0_0, 0, 1;
T_1.0 ;
    %delay 5, 0;
    %load/vec4 v0x55f20f7ea9b0_0;
    %inv;
    %store/vec4 v0x55f20f7ea9b0_0, 0, 1;
    %jmp T_1.0;
    %end;
    .thread T_1;
    .scope S_0x55f20f7c1030;
T_2 ;
    %pushi/vec4 0, 0, 2;
    %store/vec4 v0x55f20f7eac40_0, 0, 2;
    %pushi/vec4 0, 0, 1;
    %store/vec4 v0x55f20f7eadb0_0, 0, 1;
    %pushi/vec4 0, 0, 1;
    %store/vec4 v0x55f20f7eaa70_0, 0, 1;
    %pushi/vec4 0, 0, 1;
    %store/vec4 v0x55f20f7eab40_0, 0, 1;
    %pushi/vec4 1, 0, 1;
    %store/vec4 v0x55f20f7ead10_0, 0, 1;
    %delay 12, 0;
    %pushi/vec4 0, 0, 1;
    %store/vec4 v0x55f20f7ead10_0, 0, 1;
    %vpi_call 2 39 "$display", "T=%0t | After reset           | victim_way = %b", $time, v0x55f20f7eae80_0 {0 0 0};
    %pushi/vec4 0, 0, 2;
    %store/vec4 v0x55f20f7eac40_0, 0, 2;
    %pushi/vec4 1, 0, 1;
    %store/vec4 v0x55f20f7eaa70_0, 0, 1;
    %pushi/vec4 1, 0, 1;
    %store/vec4 v0x55f20f7eadb0_0, 0, 1;
    %delay 10, 0;
    %vpi_call 2 46 "$display", "T=%0t | hit0 @set 0           | victim_way = %b", $time, v0x55f20f7eae80_0 {0 0 0};
    %pushi/vec4 0, 0, 1;
    %store/vec4 v0x55f20f7eadb0_0, 0, 1;
    %pushi/vec4 0, 0, 1;
    %store/vec4 v0x55f20f7eaa70_0, 0, 1;
    %delay 10, 0;
    %pushi/vec4 1, 0, 2;
    %store/vec4 v0x55f20f7eac40_0, 0, 2;
    %pushi/vec4 1, 0, 1;
    %store/vec4 v0x55f20f7eab40_0, 0, 1;
    %pushi/vec4 1, 0, 1;
    %store/vec4 v0x55f20f7eadb0_0, 0, 1;
    %delay 10, 0;
    %vpi_call 2 58 "$display", "T=%0t | hit1 @set 1           | victim_way = %b", $time, v0x55f20f7eae80_0 {0 0 0};
    %pushi/vec4 0, 0, 1;
    %store/vec4 v0x55f20f7eadb0_0, 0, 1;
    %pushi/vec4 0, 0, 1;
    %store/vec4 v0x55f20f7eab40_0, 0, 1;
    %delay 10, 0;
    %pushi/vec4 2, 0, 2;
    %store/vec4 v0x55f20f7eac40_0, 0, 2;
    %delay 10, 0;
    %vpi_call 2 68 "$display", "T=%0t | check @set 2 default  | victim_way = %b", $time, v0x55f20f7eae80_0 {0 0 0};
    %vpi_call 2 70 "$finish" {0 0 0};
    %end;
    .thread T_2;
# The file index is used to find the file name in the following table.
:file_names 4;
    "N/A";
    "<interactive>";
    "lru_tb.v";
    "../cache/lru.v";
